[2020-08-04 01:42:05] flutterwave/rave.NOTICE: Generating Reference Number.... [] []
[2020-08-04 01:42:05] flutterwave/rave.NOTICE: Generated Reference Number....MY_NAME_5a22a7f270abc8879 [] []
[2020-08-04 01:42:05] flutterwave/rave.NOTICE: Rave Class Initializes.... [] []
[2020-08-04 01:42:05] flutterwave/rave.NOTICE: Generating Checksum.... [] []
[2020-08-04 01:42:28] flutterwave/rave.NOTICE: Generating Reference Number.... [] []
[2020-08-04 01:42:28] flutterwave/rave.NOTICE: Generated Reference Number....RV_5f28a0e438eeb [] []
[2020-08-04 01:42:28] flutterwave/rave.NOTICE: Rave Class Initializes.... [] []
[2020-08-04 01:42:28] flutterwave/rave.WARNING: Stop!!! Please pass the txref parameter! [] []
[2020-08-04 01:42:39] flutterwave/rave.NOTICE: Generating Reference Number.... [] []
[2020-08-04 01:42:39] flutterwave/rave.NOTICE: Generated Reference Number....MY_NAME_5a22a7f270abc8879 [] []
[2020-08-04 01:42:39] flutterwave/rave.NOTICE: Rave Class Initializes.... [] []
[2020-08-04 01:42:39] flutterwave/rave.NOTICE: Generating Checksum.... [] []
[2020-08-04 01:44:27] flutterwave/rave.NOTICE: Generating Reference Number.... [] []
[2020-08-04 01:44:27] flutterwave/rave.NOTICE: Generated Reference Number....RV_5f28a15b73b72 [] []
[2020-08-04 01:44:27] flutterwave/rave.NOTICE: Rave Class Initializes.... [] []
[2020-08-04 01:44:27] flutterwave/rave.WARNING: Stop!!! Please pass the txref parameter! [] []
[2020-08-04 01:44:34] flutterwave/rave.NOTICE: Generating Reference Number.... [] []
[2020-08-04 01:44:34] flutterwave/rave.NOTICE: Generated Reference Number....MY_NAME_5a22a7f270abc8879 [] []
[2020-08-04 01:44:34] flutterwave/rave.NOTICE: Rave Class Initializes.... [] []
[2020-08-04 01:44:34] flutterwave/rave.NOTICE: Generating Checksum.... [] []
[2020-08-04 01:44:55] flutterwave/rave.NOTICE: Generating Reference Number.... [] []
[2020-08-04 01:44:55] flutterwave/rave.NOTICE: Generated Reference Number....RV_5f28a1778ad7a [] []
[2020-08-04 01:44:55] flutterwave/rave.NOTICE: Rave Class Initializes.... [] []
[2020-08-04 01:44:55] flutterwave/rave.WARNING: Stop!!! Please pass the txref parameter! [] []
[2020-08-04 01:45:29] flutterwave/rave.NOTICE: Generating Reference Number.... [] []
[2020-08-04 01:45:29] flutterwave/rave.NOTICE: Generated Reference Number....MY_NAME_5a22a7f270abc8879 [] []
[2020-08-04 01:45:29] flutterwave/rave.NOTICE: Rave Class Initializes.... [] []
[2020-08-04 01:45:29] flutterwave/rave.NOTICE: Generating Checksum.... [] []
[2020-08-04 01:46:31] flutterwave/rave.NOTICE: Generating Reference Number.... [] []
[2020-08-04 01:46:31] flutterwave/rave.NOTICE: Generated Reference Number....RV_5f28a1d7b0e75 [] []
[2020-08-04 01:46:31] flutterwave/rave.NOTICE: Rave Class Initializes.... [] []
[2020-08-04 01:46:31] flutterwave/rave.WARNING: Stop!!! Please pass the txref parameter! [] []
[2020-08-04 01:47:22] flutterwave/rave.NOTICE: Generating Reference Number.... [] []
[2020-08-04 01:47:22] flutterwave/rave.NOTICE: Generated Reference Number....MY_NAME_5a22a7f270abc8879 [] []
[2020-08-04 01:47:22] flutterwave/rave.NOTICE: Rave Class Initializes.... [] []
[2020-08-04 01:47:22] flutterwave/rave.NOTICE: Generating Checksum.... [] []
[2020-08-04 01:47:35] flutterwave/rave.NOTICE: Generating Reference Number.... [] []
[2020-08-04 01:47:35] flutterwave/rave.NOTICE: Generated Reference Number....MY_NAME_5a22a7f270abc8879 [] []
[2020-08-04 01:47:35] flutterwave/rave.NOTICE: Rave Class Initializes.... [] []
[2020-08-04 01:47:35] flutterwave/rave.NOTICE: Generating Checksum.... [] []
[2020-08-04 01:56:15] flutterwave/rave.NOTICE: Generating Reference Number.... [] []
[2020-08-04 01:56:15] flutterwave/rave.NOTICE: Generated Reference Number....MY_NAME_5a22a7f270abc8879 [] []
[2020-08-04 01:56:15] flutterwave/rave.NOTICE: Rave Class Initializes.... [] []
[2020-08-04 01:56:15] flutterwave/rave.NOTICE: Generating Checksum.... [] []
[2020-08-04 02:11:35] flutterwave/rave.NOTICE: Generating Reference Number.... [] []
[2020-08-04 02:11:35] flutterwave/rave.NOTICE: Generated Reference Number....RV_5f28a7b7a8354 [] []
[2020-08-04 02:11:35] flutterwave/rave.NOTICE: Rave Class Initializes.... [] []
[2020-08-04 02:11:35] flutterwave/rave.NOTICE: Checking payment details.. [] []
[2020-08-04 02:11:38] flutterwave/rave.NOTICE: Payment requires otp validation...authmodel:pin [] []
[2020-08-04 02:25:27] flutterwave/rave.NOTICE: Generating Reference Number.... [] []
[2020-08-04 02:25:27] flutterwave/rave.NOTICE: Generated Reference Number....RV_5f28aaf7de71a [] []
[2020-08-04 02:25:27] flutterwave/rave.NOTICE: Rave Class Initializes.... [] []
[2020-08-04 02:25:27] flutterwave/rave.NOTICE: Checking payment details.. [] []
[2020-08-04 02:25:31] flutterwave/rave.NOTICE: Payment requires otp validation...authmodel:pin [] []
[2020-08-04 02:25:31] flutterwave/rave.NOTICE: Checking payment details.. [] []
[2020-08-04 02:25:47] flutterwave/rave.NOTICE: Payment requires otp validation...authmodel:otp [] []
[2020-08-04 02:30:38] flutterwave/rave.NOTICE: Generating Reference Number.... [] []
[2020-08-04 02:30:38] flutterwave/rave.NOTICE: Generated Reference Number....RV_5f28ac2ec5ddf [] []
[2020-08-04 02:30:38] flutterwave/rave.NOTICE: Rave Class Initializes.... [] []
[2020-08-04 02:30:38] flutterwave/rave.NOTICE: Checking payment details.. [] []
[2020-08-04 02:30:42] flutterwave/rave.NOTICE: Payment requires otp validation...authmodel:avs_noauth [] []
[2020-08-04 02:30:42] flutterwave/rave.NOTICE: Checking payment details.. [] []
[2020-08-04 02:31:21] flutterwave/rave.NOTICE: Generating Reference Number.... [] []
[2020-08-04 02:31:21] flutterwave/rave.NOTICE: Generated Reference Number....RV_5f28ac599afc1 [] []
[2020-08-04 02:31:21] flutterwave/rave.NOTICE: Rave Class Initializes.... [] []
[2020-08-04 02:31:21] flutterwave/rave.NOTICE: Checking payment details.. [] []
[2020-08-04 02:31:24] flutterwave/rave.NOTICE: Payment requires otp validation...authmodel:avs_noauth [] []
[2020-08-04 02:31:24] flutterwave/rave.NOTICE: Checking payment details.. [] []
[2020-08-04 02:34:15] flutterwave/rave.NOTICE: Generating Reference Number.... [] []
[2020-08-04 02:34:15] flutterwave/rave.NOTICE: Generated Reference Number....RV_5f28ad07b4228 [] []
[2020-08-04 02:34:15] flutterwave/rave.NOTICE: Rave Class Initializes.... [] []
[2020-08-04 02:34:15] flutterwave/rave.NOTICE: Checking payment details.. [] []
[2020-08-04 02:34:19] flutterwave/rave.NOTICE: Payment requires otp validation...authmodel:avs_noauth [] []
[2020-08-04 02:34:19] flutterwave/rave.NOTICE: Checking payment details.. [] []
[2020-08-04 02:35:31] flutterwave/rave.NOTICE: Generating Reference Number.... [] []
[2020-08-04 02:35:31] flutterwave/rave.NOTICE: Generated Reference Number....RV_5f28ad53ed40b [] []
[2020-08-04 02:35:31] flutterwave/rave.NOTICE: Rave Class Initializes.... [] []
[2020-08-04 02:35:31] flutterwave/rave.NOTICE: Checking payment details.. [] []
[2020-08-04 02:35:35] flutterwave/rave.NOTICE: Payment requires otp validation...authmodel:avs_noauth [] []
[2020-08-04 02:35:35] flutterwave/rave.NOTICE: Checking payment details.. [] []
[2020-08-04 02:36:49] flutterwave/rave.NOTICE: Generating Reference Number.... [] []
[2020-08-04 02:36:49] flutterwave/rave.NOTICE: Generated Reference Number....RV_5f28ada16c38d [] []
[2020-08-04 02:36:49] flutterwave/rave.NOTICE: Rave Class Initializes.... [] []
[2020-08-04 02:36:49] flutterwave/rave.NOTICE: Checking payment details.. [] []
[2020-08-04 02:36:54] flutterwave/rave.NOTICE: Payment requires otp validation...authmodel:avs_noauth [] []
[2020-08-04 02:36:54] flutterwave/rave.NOTICE: Checking payment details.. [] []
[2020-08-04 02:36:59] flutterwave/rave.NOTICE: Payment requires otp validation...authmodel:redirect [] []
[2020-08-04 02:38:11] flutterwave/rave.NOTICE: Generating Reference Number.... [] []
[2020-08-04 02:38:11] flutterwave/rave.NOTICE: Generated Reference Number....RV_5f28adf3317a9 [] []
[2020-08-04 02:38:11] flutterwave/rave.NOTICE: Rave Class Initializes.... [] []
[2020-08-04 02:38:11] flutterwave/rave.NOTICE: Checking payment details.. [] []
[2020-08-04 02:38:17] flutterwave/rave.NOTICE: Payment requires otp validation...authmodel:redirect [] []
[2020-08-04 02:38:17] flutterwave/rave.NOTICE: Checking payment details.. [] []
[2020-08-04 02:38:21] flutterwave/rave.NOTICE: Payment requires otp validation...authmodel:avs_noauth [] []
[2020-08-04 02:40:50] flutterwave/rave.NOTICE: Generating Reference Number.... [] []
[2020-08-04 02:40:50] flutterwave/rave.NOTICE: Generated Reference Number....RV_5f28ae92c2d4e [] []
[2020-08-04 02:40:50] flutterwave/rave.NOTICE: Rave Class Initializes.... [] []
[2020-08-04 02:40:50] flutterwave/rave.NOTICE: Checking payment details.. [] []
[2020-08-04 02:40:55] flutterwave/rave.NOTICE: Payment requires otp validation...authmodel:pin [] []
[2020-08-04 02:40:55] flutterwave/rave.NOTICE: Checking payment details.. [] []
[2020-08-04 02:41:04] flutterwave/rave.NOTICE: Payment requires otp validation...authmodel:otp [] []
[2020-08-04 02:46:57] flutterwave/rave.NOTICE: Generating Reference Number.... [] []
[2020-08-04 02:46:57] flutterwave/rave.NOTICE: Generated Reference Number....RV_5f28b001488a9 [] []
[2020-08-04 02:46:57] flutterwave/rave.NOTICE: Rave Class Initializes.... [] []
[2020-08-04 02:46:57] flutterwave/rave.NOTICE: Checking payment details.. [] []
[2020-08-04 02:47:00] flutterwave/rave.NOTICE: Payment requires otp validation...authmodel:pin [] []
[2020-08-04 02:47:00] flutterwave/rave.NOTICE: Checking payment details.. [] []
[2020-08-04 02:47:07] flutterwave/rave.NOTICE: Payment requires otp validation...authmodel:otp [] []
[2020-08-04 02:47:49] flutterwave/rave.NOTICE: Generating Reference Number.... [] []
[2020-08-04 02:47:49] flutterwave/rave.NOTICE: Generated Reference Number....RV_5f28b035de999 [] []
[2020-08-04 02:47:49] flutterwave/rave.NOTICE: Rave Class Initializes.... [] []
[2020-08-04 02:47:49] flutterwave/rave.NOTICE: Checking payment details.. [] []
[2020-08-04 02:47:53] flutterwave/rave.NOTICE: Payment requires otp validation...authmodel:pin [] []
[2020-08-04 02:47:53] flutterwave/rave.NOTICE: Checking payment details.. [] []
[2020-08-04 02:47:59] flutterwave/rave.NOTICE: Payment requires otp validation...authmodel:otp [] []
[2020-08-04 03:04:12] flutterwave/rave.NOTICE: Generating Reference Number.... [] []
[2020-08-04 03:04:12] flutterwave/rave.NOTICE: Generated Reference Number....RV_5f28b40ce3d28 [] []
[2020-08-04 03:04:12] flutterwave/rave.NOTICE: Rave Class Initializes.... [] []
[2020-08-04 03:04:12] flutterwave/rave.NOTICE: Checking payment details.. [] []
[2020-08-04 03:04:16] flutterwave/rave.NOTICE: Payment requires otp validation...authmodel:pin [] []
[2020-08-04 03:04:16] flutterwave/rave.NOTICE: Checking payment details.. [] []
[2020-08-04 03:04:23] flutterwave/rave.NOTICE: Payment requires otp validation...authmodel:otp [] []
[2020-08-04 03:04:23] flutterwave/rave.NOTICE: Validating otp... [] []
[2020-08-04 03:08:19] flutterwave/rave.NOTICE: Generating Reference Number.... [] []
[2020-08-04 03:08:19] flutterwave/rave.NOTICE: Generated Reference Number....RV_5f28b503814b7 [] []
[2020-08-04 03:08:19] flutterwave/rave.NOTICE: Rave Class Initializes.... [] []
[2020-08-04 03:08:19] flutterwave/rave.NOTICE: Checking payment details.. [] []
[2020-08-04 03:08:24] flutterwave/rave.NOTICE: Generating Reference Number.... [] []
[2020-08-04 03:08:24] flutterwave/rave.NOTICE: Generated Reference Number....RV_5f28b508c38ef [] []
[2020-08-04 03:08:24] flutterwave/rave.NOTICE: Rave Class Initializes.... [] []
[2020-08-04 03:08:24] flutterwave/rave.NOTICE: Checking payment details.. [] []
[2020-08-04 03:08:27] flutterwave/rave.NOTICE: Payment requires otp validation...authmodel:pin [] []
[2020-08-04 03:08:27] flutterwave/rave.NOTICE: Checking payment details.. [] []
[2020-08-04 03:08:33] flutterwave/rave.NOTICE: Payment requires otp validation...authmodel:otp [] []
[2020-08-04 03:08:33] flutterwave/rave.NOTICE: Validating otp... [] []
