[2020-09-16 14:44:56] flutterwave/rave.NOTICE: Generating Reference Number.... [] []
[2020-09-16 14:44:56] flutterwave/rave.NOTICE: Generated Reference Number....RV_5f6208c85ac40 [] []
[2020-09-16 14:44:56] flutterwave/rave.NOTICE: Rave Class Initializes.... [] []
[2020-09-16 14:44:56] flutterwave/rave.WARNING: Stop!!! Please pass the txref parameter! [] []
[2020-09-16 14:45:29] flutterwave/rave.NOTICE: Generating Reference Number.... [] []
[2020-09-16 14:45:29] flutterwave/rave.NOTICE: Generated Reference Number....RV_5f6208e9e6ecb [] []
[2020-09-16 14:45:29] flutterwave/rave.NOTICE: Rave Class Initializes.... [] []
[2020-09-16 14:45:29] flutterwave/rave.WARNING: Stop!!! Please pass the txref parameter! [] []
[2020-09-16 14:45:55] flutterwave/rave.NOTICE: Generating Reference Number.... [] []
[2020-09-16 14:45:55] flutterwave/rave.NOTICE: Generated Reference Number....MY_NAME_5a22a7f270abc8879 [] []
[2020-09-16 14:45:55] flutterwave/rave.NOTICE: Rave Class Initializes.... [] []
[2020-09-16 14:45:55] flutterwave/rave.NOTICE: Generating Checksum.... [] []
[2020-09-16 14:46:03] flutterwave/rave.NOTICE: Generating Reference Number.... [] []
[2020-09-16 14:46:03] flutterwave/rave.NOTICE: Generated Reference Number....RV_5f62090bae2cb [] []
[2020-09-16 14:46:03] flutterwave/rave.NOTICE: Rave Class Initializes.... [] []
[2020-09-16 14:46:03] flutterwave/rave.NOTICE: Payment was canceled by user..RV_5f62090bae2cb [] []
[2020-09-16 14:46:21] flutterwave/rave.NOTICE: Generating Reference Number.... [] []
[2020-09-16 14:46:21] flutterwave/rave.NOTICE: Generated Reference Number....MY_NAME_5a22a7f270abc8879 [] []
[2020-09-16 14:46:21] flutterwave/rave.NOTICE: Rave Class Initializes.... [] []
[2020-09-16 14:46:21] flutterwave/rave.NOTICE: Generating Checksum.... [] []
[2020-09-16 14:47:06] flutterwave/rave.NOTICE: Generating Reference Number.... [] []
[2020-09-16 14:47:06] flutterwave/rave.NOTICE: Generated Reference Number....RV_5f62094af001a [] []
[2020-09-16 14:47:06] flutterwave/rave.NOTICE: Rave Class Initializes.... [] []
[2020-09-16 14:47:06] flutterwave/rave.NOTICE: Payment completed. Now requerying payment. [] []
[2020-09-16 14:47:06] flutterwave/rave.NOTICE: Requerying Transaction....1539611 [] []
[2020-09-16 14:47:09] flutterwave/rave.NOTICE: Requeryed a successful transaction....{"id":1539611,"tx_ref":"MY_NAME_5a22a7f270abc8879","flw_ref":"FLW-MOCK-f41321682c20d74b397c53c7203f4f28","device_fingerprint":"d94396a4e4e06dc1b8d853f62deb47ca","amount":200,"currency":"NGN","charged_amount":200,"app_fee":2.8,"merchant_fee":0,"processor_response":"successful","auth_model":"PIN","ip":"41.184.169.208","narration":"CARD Transaction ","status":"successful","payment_type":"card","created_at":"2020-09-16T12:46:58.000Z","account_id":43380,"card":{"first_6digits":"553188","last_4digits":"2950","issuer":" CREDIT","country":"NIGERIA NG","type":"MASTERCARD","token":"flw-t1nf-087c932210a332bdb0288f03d2671740-m03k","expiry":"09\/22"},"meta":null,"amount_settled":197.2,"customer":{"id":464420,"name":"Olaobaju Abraham","phone_number":"08098787676","email":"busa@yahoo.com","created_at":"2020-09-16T09:25:16.000Z"}} [] []
[2020-09-16 14:51:34] flutterwave/rave.NOTICE: Generating Reference Number.... [] []
[2020-09-16 14:51:34] flutterwave/rave.NOTICE: Generated Reference Number....MY_NAME_5a22a7f270abc8879 [] []
[2020-09-16 14:51:34] flutterwave/rave.NOTICE: Rave Class Initializes.... [] []
[2020-09-16 14:51:34] flutterwave/rave.NOTICE: Generating Checksum.... [] []
[2020-09-16 14:52:11] flutterwave/rave.NOTICE: Generating Reference Number.... [] []
[2020-09-16 14:52:11] flutterwave/rave.NOTICE: Generated Reference Number....RV_5f620a7b129c2 [] []
[2020-09-16 14:52:11] flutterwave/rave.NOTICE: Rave Class Initializes.... [] []
[2020-09-16 14:52:11] flutterwave/rave.NOTICE: Payment completed. Now requerying payment. [] []
[2020-09-16 14:52:11] flutterwave/rave.NOTICE: Requerying Transaction....1539625 [] []
[2020-09-16 14:52:12] flutterwave/rave.NOTICE: Requeryed a successful transaction....{"id":1539625,"tx_ref":"MY_NAME_5a22a7f270abc8879","flw_ref":"FLW-MOCK-c2dd0fad25a121053ad64135c0e71155","device_fingerprint":"d94396a4e4e06dc1b8d853f62deb47ca","amount":200,"currency":"NGN","charged_amount":200,"app_fee":2.8,"merchant_fee":0,"processor_response":"successful","auth_model":"PIN","ip":"41.184.169.208","narration":"CARD Transaction ","status":"successful","payment_type":"card","created_at":"2020-09-16T12:52:03.000Z","account_id":43380,"card":{"first_6digits":"553188","last_4digits":"2950","issuer":" CREDIT","country":"NIGERIA NG","type":"MASTERCARD","token":"flw-t1nf-087c932210a332bdb0288f03d2671740-m03k","expiry":"09\/22"},"meta":null,"amount_settled":197.2,"customer":{"id":464420,"name":"Olaobaju Abraham","phone_number":"08098787676","email":"busa@yahoo.com","created_at":"2020-09-16T09:25:16.000Z"}} [] []
[2020-09-16 14:55:03] flutterwave/rave.NOTICE: Generating Reference Number.... [] []
[2020-09-16 14:55:03] flutterwave/rave.NOTICE: Generated Reference Number....RV_5f620b276e3fb [] []
[2020-09-16 14:55:03] flutterwave/rave.NOTICE: Rave Class Initializes.... [] []
[2020-09-16 14:55:03] flutterwave/rave.NOTICE: Payment completed. Now requerying payment. [] []
[2020-09-16 14:55:03] flutterwave/rave.NOTICE: Requerying Transaction....1539625 [] []
[2020-09-16 14:55:04] flutterwave/rave.NOTICE: Requeryed a successful transaction....{"id":1539625,"tx_ref":"MY_NAME_5a22a7f270abc8879","flw_ref":"FLW-MOCK-c2dd0fad25a121053ad64135c0e71155","device_fingerprint":"d94396a4e4e06dc1b8d853f62deb47ca","amount":200,"currency":"NGN","charged_amount":200,"app_fee":2.8,"merchant_fee":0,"processor_response":"successful","auth_model":"PIN","ip":"41.184.169.208","narration":"CARD Transaction ","status":"successful","payment_type":"card","created_at":"2020-09-16T12:52:03.000Z","account_id":43380,"card":{"first_6digits":"553188","last_4digits":"2950","issuer":" CREDIT","country":"NIGERIA NG","type":"MASTERCARD","token":"flw-t1nf-087c932210a332bdb0288f03d2671740-m03k","expiry":"09\/22"},"meta":null,"amount_settled":197.2,"customer":{"id":464420,"name":"Olaobaju Abraham","phone_number":"08098787676","email":"busa@yahoo.com","created_at":"2020-09-16T09:25:16.000Z"}} [] []
[2020-09-16 14:55:47] flutterwave/rave.NOTICE: Generating Reference Number.... [] []
[2020-09-16 14:55:47] flutterwave/rave.NOTICE: Generated Reference Number....RV_5f620b535b7b9 [] []
[2020-09-16 14:55:47] flutterwave/rave.NOTICE: Rave Class Initializes.... [] []
[2020-09-16 14:55:47] flutterwave/rave.NOTICE: Payment completed. Now requerying payment. [] []
[2020-09-16 14:55:47] flutterwave/rave.NOTICE: Requerying Transaction....1539625 [] []
[2020-09-16 14:55:48] flutterwave/rave.NOTICE: Requeryed a successful transaction....{"id":1539625,"tx_ref":"MY_NAME_5a22a7f270abc8879","flw_ref":"FLW-MOCK-c2dd0fad25a121053ad64135c0e71155","device_fingerprint":"d94396a4e4e06dc1b8d853f62deb47ca","amount":200,"currency":"NGN","charged_amount":200,"app_fee":2.8,"merchant_fee":0,"processor_response":"successful","auth_model":"PIN","ip":"41.184.169.208","narration":"CARD Transaction ","status":"successful","payment_type":"card","created_at":"2020-09-16T12:52:03.000Z","account_id":43380,"card":{"first_6digits":"553188","last_4digits":"2950","issuer":" CREDIT","country":"NIGERIA NG","type":"MASTERCARD","token":"flw-t1nf-087c932210a332bdb0288f03d2671740-m03k","expiry":"09\/22"},"meta":null,"amount_settled":197.2,"customer":{"id":464420,"name":"Olaobaju Abraham","phone_number":"08098787676","email":"busa@yahoo.com","created_at":"2020-09-16T09:25:16.000Z"}} [] []
