[2020-07-29 16:06:09] flutterwave/rave.NOTICE: Generating Reference Number.... [] []
[2020-07-29 16:06:10] flutterwave/rave.NOTICE: Generated Reference Number....RV_5f21825222dd4 [] []
[2020-07-29 16:06:10] flutterwave/rave.NOTICE: Rave Class Initializes.... [] []
[2020-07-29 16:06:10] flutterwave/rave.NOTICE: Checking payment details.. [] []
[2020-07-29 16:06:11] flutterwave/rave.NOTICE: Payment requires validation.. [] []
[2020-07-29 16:09:49] flutterwave/rave.NOTICE: Generating Reference Number.... [] []
[2020-07-29 16:09:49] flutterwave/rave.NOTICE: Generated Reference Number....RV_5f21832d304a4 [] []
[2020-07-29 16:09:49] flutterwave/rave.NOTICE: Rave Class Initializes.... [] []
[2020-07-29 16:09:49] flutterwave/rave.NOTICE: Checking payment details.. [] []
[2020-07-29 16:09:50] flutterwave/rave.NOTICE: Payment requires validation.. [] []
[2020-07-29 16:16:39] flutterwave/rave.NOTICE: Generating Reference Number.... [] []
[2020-07-29 16:16:39] flutterwave/rave.NOTICE: Generated Reference Number....RV_5f2184c7778a1 [] []
[2020-07-29 16:16:39] flutterwave/rave.NOTICE: Rave Class Initializes.... [] []
[2020-07-29 16:16:39] flutterwave/rave.NOTICE: Checking payment details.. [] []
[2020-07-29 16:16:40] flutterwave/rave.NOTICE: Payment requires validation.. [] []
[2020-07-29 16:16:45] flutterwave/rave.NOTICE: Generating Reference Number.... [] []
[2020-07-29 16:16:45] flutterwave/rave.NOTICE: Generated Reference Number....RV_5f2184cd95559 [] []
[2020-07-29 16:16:45] flutterwave/rave.NOTICE: Rave Class Initializes.... [] []
[2020-07-29 16:16:45] flutterwave/rave.NOTICE: Checking payment details.. [] []
[2020-07-29 16:16:46] flutterwave/rave.NOTICE: Payment requires validation.. [] []
[2020-07-29 16:18:59] flutterwave/rave.NOTICE: Generating Reference Number.... [] []
[2020-07-29 16:18:59] flutterwave/rave.NOTICE: Generated Reference Number....RV_5f218553ad125 [] []
[2020-07-29 16:18:59] flutterwave/rave.NOTICE: Rave Class Initializes.... [] []
[2020-07-29 16:18:59] flutterwave/rave.NOTICE: Checking payment details.. [] []
[2020-07-29 16:19:01] flutterwave/rave.NOTICE: Payment requires validation.. [] []
[2020-07-29 16:22:24] flutterwave/rave.NOTICE: Generating Reference Number.... [] []
[2020-07-29 16:22:24] flutterwave/rave.NOTICE: Generated Reference Number....RV_5f218620bc47d [] []
[2020-07-29 16:22:24] flutterwave/rave.NOTICE: Rave Class Initializes.... [] []
[2020-07-29 16:22:24] flutterwave/rave.NOTICE: Checking payment details.. [] []
[2020-07-29 16:22:25] flutterwave/rave.NOTICE: Payment requires validation.. [] []
[2020-07-29 16:22:30] flutterwave/rave.NOTICE: Generating Reference Number.... [] []
[2020-07-29 16:22:30] flutterwave/rave.NOTICE: Generated Reference Number....RV_5f21862632e91 [] []
[2020-07-29 16:22:30] flutterwave/rave.NOTICE: Rave Class Initializes.... [] []
[2020-07-29 16:22:30] flutterwave/rave.NOTICE: Checking payment details.. [] []
[2020-07-29 16:22:31] flutterwave/rave.NOTICE: Payment requires validation.. [] []
[2020-07-29 16:23:51] flutterwave/rave.NOTICE: Generating Reference Number.... [] []
[2020-07-29 16:23:51] flutterwave/rave.NOTICE: Generated Reference Number....RV_5f218677081da [] []
[2020-07-29 16:23:51] flutterwave/rave.NOTICE: Rave Class Initializes.... [] []
[2020-07-29 16:23:51] flutterwave/rave.NOTICE: Checking payment details.. [] []
[2020-07-29 16:23:52] flutterwave/rave.NOTICE: Payment requires validation.. [] []
[2020-07-29 16:24:18] flutterwave/rave.NOTICE: Generating Reference Number.... [] []
[2020-07-29 16:24:18] flutterwave/rave.NOTICE: Generated Reference Number....RV_5f21869245d97 [] []
[2020-07-29 16:24:18] flutterwave/rave.NOTICE: Rave Class Initializes.... [] []
[2020-07-29 16:24:18] flutterwave/rave.NOTICE: Checking payment details.. [] []
[2020-07-29 16:24:19] flutterwave/rave.NOTICE: Payment requires validation.. [] []
[2020-07-29 16:25:27] flutterwave/rave.NOTICE: Generating Reference Number.... [] []
[2020-07-29 16:25:27] flutterwave/rave.NOTICE: Generated Reference Number....RV_5f2186d7eba2a [] []
[2020-07-29 16:25:27] flutterwave/rave.NOTICE: Rave Class Initializes.... [] []
[2020-07-29 16:25:27] flutterwave/rave.NOTICE: Checking payment details.. [] []
[2020-07-29 16:25:28] flutterwave/rave.NOTICE: Payment requires validation.. [] []
[2020-07-29 16:27:19] flutterwave/rave.NOTICE: Generating Reference Number.... [] []
[2020-07-29 16:27:19] flutterwave/rave.NOTICE: Generated Reference Number....RV_5f2187474a259 [] []
[2020-07-29 16:27:19] flutterwave/rave.NOTICE: Rave Class Initializes.... [] []
[2020-07-29 16:27:19] flutterwave/rave.NOTICE: Checking payment details.. [] []
[2020-07-29 16:27:27] flutterwave/rave.NOTICE: Payment requires validation.. [] []
[2020-07-29 16:27:27] flutterwave/rave.NOTICE: Payment requires otp validation... [] []
[2020-07-29 16:30:35] flutterwave/rave.NOTICE: Validating otp... [] []
[2020-07-29 16:30:38] flutterwave/rave.NOTICE: Verifying transaction... [] []
[2020-07-29 16:36:07] flutterwave/rave.NOTICE: Generating Reference Number.... [] []
[2020-07-29 16:36:07] flutterwave/rave.NOTICE: Generated Reference Number....RV_5f218957b47c7 [] []
[2020-07-29 16:36:07] flutterwave/rave.NOTICE: Rave Class Initializes.... [] []
[2020-07-29 16:36:07] flutterwave/rave.NOTICE: Checking payment details.. [] []
[2020-07-29 16:36:13] flutterwave/rave.NOTICE: Payment requires validation.. [] []
[2020-07-29 16:36:13] flutterwave/rave.NOTICE: Payment requires otp validation... [] []
[2020-07-29 16:36:27] flutterwave/rave.NOTICE: Generating Reference Number.... [] []
[2020-07-29 16:36:27] flutterwave/rave.NOTICE: Generated Reference Number....RV_5f21896b2a116 [] []
[2020-07-29 16:36:27] flutterwave/rave.NOTICE: Rave Class Initializes.... [] []
[2020-07-29 16:36:27] flutterwave/rave.NOTICE: Checking payment details.. [] []
[2020-07-29 16:36:30] flutterwave/rave.NOTICE: Payment requires validation.. [] []
[2020-07-29 16:37:23] flutterwave/rave.NOTICE: Generating Reference Number.... [] []
[2020-07-29 16:37:23] flutterwave/rave.NOTICE: Generated Reference Number....RV_5f2189a3bf2e6 [] []
[2020-07-29 16:37:23] flutterwave/rave.NOTICE: Rave Class Initializes.... [] []
[2020-07-29 16:37:23] flutterwave/rave.NOTICE: Checking payment details.. [] []
[2020-07-29 16:37:30] flutterwave/rave.NOTICE: Payment requires validation.. [] []
[2020-07-29 16:37:30] flutterwave/rave.NOTICE: Payment requires otp validation... [] []
[2020-07-29 16:45:30] flutterwave/rave.NOTICE: Generating Reference Number.... [] []
[2020-07-29 16:45:30] flutterwave/rave.NOTICE: Generated Reference Number....RV_5f218b8ac2156 [] []
[2020-07-29 16:45:30] flutterwave/rave.NOTICE: Rave Class Initializes.... [] []
[2020-07-29 16:45:30] flutterwave/rave.NOTICE: Checking payment details.. [] []
[2020-07-29 16:45:34] flutterwave/rave.NOTICE: Payment requires validation.. [] []
[2020-07-29 16:45:34] flutterwave/rave.NOTICE: Payment requires otp validation... [] []
[2020-07-29 16:46:27] flutterwave/rave.NOTICE: Generating Reference Number.... [] []
[2020-07-29 16:46:27] flutterwave/rave.NOTICE: Generated Reference Number....RV_5f218bc3388fe [] []
[2020-07-29 16:46:27] flutterwave/rave.NOTICE: Rave Class Initializes.... [] []
[2020-07-29 16:46:27] flutterwave/rave.NOTICE: Checking payment details.. [] []
[2020-07-29 16:46:30] flutterwave/rave.NOTICE: Payment requires validation.. [] []
[2020-07-29 16:46:30] flutterwave/rave.NOTICE: Payment requires otp validation... [] []
[2020-07-29 16:51:33] flutterwave/rave.NOTICE: Generating Reference Number.... [] []
[2020-07-29 16:51:33] flutterwave/rave.NOTICE: Generated Reference Number....RV_5f218cf51c65f [] []
[2020-07-29 16:51:33] flutterwave/rave.NOTICE: Rave Class Initializes.... [] []
[2020-07-29 16:51:33] flutterwave/rave.NOTICE: Checking payment details.. [] []
[2020-07-29 16:51:36] flutterwave/rave.NOTICE: Payment requires validation.. [] []
[2020-07-29 16:51:36] flutterwave/rave.NOTICE: Payment requires otp validation... [] []
[2020-07-29 16:52:15] flutterwave/rave.NOTICE: Generating Reference Number.... [] []
[2020-07-29 16:52:15] flutterwave/rave.NOTICE: Generated Reference Number....RV_5f218d1fcb825 [] []
[2020-07-29 16:52:15] flutterwave/rave.NOTICE: Rave Class Initializes.... [] []
[2020-07-29 16:52:15] flutterwave/rave.NOTICE: Checking payment details.. [] []
[2020-07-29 16:52:19] flutterwave/rave.NOTICE: Payment requires validation.. [] []
[2020-07-29 16:52:19] flutterwave/rave.NOTICE: Payment requires otp validation... [] []
[2020-07-29 16:52:29] flutterwave/rave.NOTICE: Generating Reference Number.... [] []
[2020-07-29 16:52:29] flutterwave/rave.NOTICE: Generated Reference Number....RV_5f218d2dbf39f [] []
[2020-07-29 16:52:29] flutterwave/rave.NOTICE: Rave Class Initializes.... [] []
[2020-07-29 16:52:29] flutterwave/rave.NOTICE: Checking payment details.. [] []
[2020-07-29 16:52:32] flutterwave/rave.NOTICE: Payment requires validation.. [] []
[2020-07-29 16:52:32] flutterwave/rave.NOTICE: Payment requires otp validation... [] []
[2020-07-29 16:56:12] flutterwave/rave.NOTICE: Generating Reference Number.... [] []
[2020-07-29 16:56:12] flutterwave/rave.NOTICE: Generated Reference Number....RV_5f218e0caf4df [] []
[2020-07-29 16:56:12] flutterwave/rave.NOTICE: Rave Class Initializes.... [] []
[2020-07-29 16:56:12] flutterwave/rave.NOTICE: Checking payment details.. [] []
[2020-07-29 16:56:19] flutterwave/rave.NOTICE: Payment requires validation.. [] []
[2020-07-29 16:56:19] flutterwave/rave.NOTICE: Payment requires otp validation... [] []
[2020-07-29 16:56:21] flutterwave/rave.NOTICE: Generating Reference Number.... [] []
[2020-07-29 16:56:21] flutterwave/rave.NOTICE: Generated Reference Number....RV_5f218e155b242 [] []
[2020-07-29 16:56:21] flutterwave/rave.NOTICE: Rave Class Initializes.... [] []
[2020-07-29 16:56:21] flutterwave/rave.NOTICE: Checking payment details.. [] []
[2020-07-29 16:56:38] flutterwave/rave.NOTICE: Payment requires validation.. [] []
[2020-07-29 16:56:38] flutterwave/rave.NOTICE: Payment requires otp validation... [] []
[2020-07-29 17:01:30] flutterwave/rave.NOTICE: Generating Reference Number.... [] []
[2020-07-29 17:01:30] flutterwave/rave.NOTICE: Generated Reference Number....RV_5f218f4a6d18e [] []
[2020-07-29 17:01:30] flutterwave/rave.NOTICE: Rave Class Initializes.... [] []
[2020-07-29 17:01:30] flutterwave/rave.NOTICE: Checking payment details.. [] []
[2020-07-29 17:01:33] flutterwave/rave.NOTICE: Payment requires validation.. [] []
[2020-07-29 17:01:33] flutterwave/rave.NOTICE: Payment requires otp validation... [] []
[2020-07-29 17:02:03] flutterwave/rave.NOTICE: Generating Reference Number.... [] []
[2020-07-29 17:02:03] flutterwave/rave.NOTICE: Generated Reference Number....RV_5f218f6b24700 [] []
[2020-07-29 17:02:03] flutterwave/rave.NOTICE: Rave Class Initializes.... [] []
[2020-07-29 17:02:03] flutterwave/rave.NOTICE: Checking payment details.. [] []
[2020-07-29 17:02:09] flutterwave/rave.NOTICE: Payment requires validation.. [] []
[2020-07-29 17:02:09] flutterwave/rave.NOTICE: Payment requires otp validation... [] []
[2020-07-29 17:08:27] flutterwave/rave.NOTICE: Generating Reference Number.... [] []
[2020-07-29 17:08:27] flutterwave/rave.NOTICE: Generated Reference Number....RV_5f2190eb314c3 [] []
[2020-07-29 17:08:27] flutterwave/rave.NOTICE: Rave Class Initializes.... [] []
[2020-07-29 17:08:27] flutterwave/rave.NOTICE: Checking payment details.. [] []
[2020-07-29 17:08:34] flutterwave/rave.NOTICE: Payment requires validation.. [] []
[2020-07-29 17:08:34] flutterwave/rave.NOTICE: Payment requires otp validation... [] []
[2020-07-29 17:25:51] flutterwave/rave.NOTICE: Generating Reference Number.... [] []
[2020-07-29 17:25:51] flutterwave/rave.NOTICE: Generated Reference Number....RV_5f2194ff97dc5 [] []
[2020-07-29 17:25:51] flutterwave/rave.NOTICE: Rave Class Initializes.... [] []
[2020-07-29 17:25:51] flutterwave/rave.NOTICE: Checking payment details.. [] []
[2020-07-29 17:25:58] flutterwave/rave.NOTICE: Payment requires validation.. [] []
[2020-07-29 17:49:17] flutterwave/rave.NOTICE: Generating Reference Number.... [] []
[2020-07-29 17:49:17] flutterwave/rave.NOTICE: Generated Reference Number....RV_5f219a7da4f8d [] []
[2020-07-29 17:49:17] flutterwave/rave.NOTICE: Rave Class Initializes.... [] []
[2020-07-29 17:49:17] flutterwave/rave.NOTICE: Checking payment details.. [] []
[2020-07-29 17:49:20] flutterwave/rave.NOTICE: Payment requires validation.. [] []
[2020-07-29 17:50:41] flutterwave/rave.NOTICE: Generating Reference Number.... [] []
[2020-07-29 17:50:41] flutterwave/rave.NOTICE: Generated Reference Number....RV_5f219ad18fc76 [] []
[2020-07-29 17:50:41] flutterwave/rave.NOTICE: Rave Class Initializes.... [] []
[2020-07-29 17:50:41] flutterwave/rave.NOTICE: Checking payment details.. [] []
[2020-07-29 17:50:49] flutterwave/rave.NOTICE: Payment requires validation.. [] []
[2020-07-29 17:55:55] flutterwave/rave.NOTICE: Generating Reference Number.... [] []
[2020-07-29 17:55:55] flutterwave/rave.NOTICE: Generated Reference Number....RV_5f219c0bebb9c [] []
[2020-07-29 17:55:55] flutterwave/rave.NOTICE: Rave Class Initializes.... [] []
[2020-07-29 17:55:55] flutterwave/rave.NOTICE: Checking payment details.. [] []
[2020-07-29 17:55:58] flutterwave/rave.NOTICE: Payment requires validation.. [] []
[2020-07-29 17:55:58] flutterwave/rave.NOTICE: Payment requires otp validation... [] []
[2020-07-29 17:58:44] flutterwave/rave.NOTICE: Generating Reference Number.... [] []
[2020-07-29 17:58:44] flutterwave/rave.NOTICE: Generated Reference Number....RV_5f219cb497214 [] []
[2020-07-29 17:58:44] flutterwave/rave.NOTICE: Rave Class Initializes.... [] []
[2020-07-29 17:58:44] flutterwave/rave.NOTICE: Checking payment details.. [] []
[2020-07-29 17:58:47] flutterwave/rave.NOTICE: Payment requires validation.. [] []
[2020-07-29 17:58:47] flutterwave/rave.NOTICE: Payment requires otp validation... [] []
[2020-07-29 18:07:06] flutterwave/rave.NOTICE: Generating Reference Number.... [] []
[2020-07-29 18:07:06] flutterwave/rave.NOTICE: Generated Reference Number....RV_5f219eaa91155 [] []
[2020-07-29 18:07:06] flutterwave/rave.NOTICE: Rave Class Initializes.... [] []
[2020-07-29 18:07:06] flutterwave/rave.NOTICE: Checking payment details.. [] []
[2020-07-29 18:07:10] flutterwave/rave.NOTICE: Payment requires validation.. [] []
[2020-07-29 18:07:10] flutterwave/rave.NOTICE: Payment requires otp validation... [] []
[2020-07-29 18:08:53] flutterwave/rave.NOTICE: Generating Reference Number.... [] []
[2020-07-29 18:08:53] flutterwave/rave.NOTICE: Generated Reference Number....RV_5f219f158ec85 [] []
[2020-07-29 18:08:53] flutterwave/rave.NOTICE: Rave Class Initializes.... [] []
[2020-07-29 18:08:53] flutterwave/rave.NOTICE: Checking payment details.. [] []
[2020-07-29 18:08:56] flutterwave/rave.NOTICE: Payment requires validation.. [] []
[2020-07-29 18:08:56] flutterwave/rave.NOTICE: Payment requires otp validation... [] []
[2020-07-29 18:14:30] flutterwave/rave.NOTICE: Generating Reference Number.... [] []
[2020-07-29 18:14:30] flutterwave/rave.NOTICE: Generated Reference Number....RV_5f21a06684d05 [] []
[2020-07-29 18:14:30] flutterwave/rave.NOTICE: Rave Class Initializes.... [] []
[2020-07-29 18:14:30] flutterwave/rave.NOTICE: Checking payment details.. [] []
[2020-07-29 18:14:32] flutterwave/rave.NOTICE: Payment requires validation.. [] []
[2020-07-29 18:14:32] flutterwave/rave.NOTICE: Payment requires otp validation... [] []
[2020-07-29 18:16:34] flutterwave/rave.NOTICE: Generating Reference Number.... [] []
[2020-07-29 18:16:34] flutterwave/rave.NOTICE: Generated Reference Number....RV_5f21a0e2561ed [] []
[2020-07-29 18:16:34] flutterwave/rave.NOTICE: Rave Class Initializes.... [] []
[2020-07-29 18:16:34] flutterwave/rave.NOTICE: Checking payment details.. [] []
[2020-07-29 18:16:36] flutterwave/rave.NOTICE: Payment requires validation.. [] []
[2020-07-29 18:16:36] flutterwave/rave.NOTICE: Payment requires otp validation... [] []
[2020-07-29 18:18:38] flutterwave/rave.NOTICE: Generating Reference Number.... [] []
[2020-07-29 18:18:38] flutterwave/rave.NOTICE: Generated Reference Number....RV_5f21a15e67df4 [] []
[2020-07-29 18:18:38] flutterwave/rave.NOTICE: Rave Class Initializes.... [] []
[2020-07-29 18:18:38] flutterwave/rave.NOTICE: Checking payment details.. [] []
[2020-07-29 18:18:41] flutterwave/rave.NOTICE: Payment requires validation.. [] []
[2020-07-29 18:18:41] flutterwave/rave.NOTICE: Payment requires otp validation... [] []
[2020-07-29 18:23:44] flutterwave/rave.NOTICE: Generating Reference Number.... [] []
[2020-07-29 18:23:44] flutterwave/rave.NOTICE: Generated Reference Number....RV_5f21a29015dc4 [] []
[2020-07-29 18:23:44] flutterwave/rave.NOTICE: Rave Class Initializes.... [] []
[2020-07-29 18:23:44] flutterwave/rave.NOTICE: Checking payment details.. [] []
[2020-07-29 18:23:48] flutterwave/rave.NOTICE: Payment requires validation.. [] []
[2020-07-29 18:23:48] flutterwave/rave.NOTICE: Payment requires otp validation... [] []
[2020-07-29 18:25:35] flutterwave/rave.NOTICE: Generating Reference Number.... [] []
[2020-07-29 18:25:35] flutterwave/rave.NOTICE: Generated Reference Number....RV_5f21a2ff89eae [] []
[2020-07-29 18:25:35] flutterwave/rave.NOTICE: Rave Class Initializes.... [] []
[2020-07-29 18:25:35] flutterwave/rave.NOTICE: Checking payment details.. [] []
[2020-07-29 18:25:38] flutterwave/rave.NOTICE: Payment requires validation.. [] []
[2020-07-29 18:25:38] flutterwave/rave.NOTICE: Payment requires otp validation... [] []
[2020-07-29 18:26:16] flutterwave/rave.NOTICE: Generating Reference Number.... [] []
[2020-07-29 18:26:16] flutterwave/rave.NOTICE: Generated Reference Number....RV_5f21a328d069b [] []
[2020-07-29 18:26:16] flutterwave/rave.NOTICE: Rave Class Initializes.... [] []
[2020-07-29 18:26:16] flutterwave/rave.NOTICE: Checking payment details.. [] []
[2020-07-29 18:26:21] flutterwave/rave.NOTICE: Payment requires validation.. [] []
[2020-07-29 18:26:21] flutterwave/rave.NOTICE: Payment requires otp validation... [] []
[2020-07-29 18:29:33] flutterwave/rave.NOTICE: Generating Reference Number.... [] []
[2020-07-29 18:29:34] flutterwave/rave.NOTICE: Generated Reference Number....RV_5f21a3ee005bd [] []
[2020-07-29 18:29:34] flutterwave/rave.NOTICE: Rave Class Initializes.... [] []
[2020-07-29 18:29:34] flutterwave/rave.NOTICE: Checking payment details.. [] []
[2020-07-29 18:29:37] flutterwave/rave.NOTICE: Payment requires validation.. [] []
[2020-07-29 18:29:37] flutterwave/rave.NOTICE: Payment requires otp validation... [] []
[2020-07-29 18:30:40] flutterwave/rave.NOTICE: Generating Reference Number.... [] []
[2020-07-29 18:30:40] flutterwave/rave.NOTICE: Generated Reference Number....RV_5f21a43065cb6 [] []
[2020-07-29 18:30:40] flutterwave/rave.NOTICE: Rave Class Initializes.... [] []
[2020-07-29 18:30:40] flutterwave/rave.NOTICE: Checking payment details.. [] []
[2020-07-29 18:30:44] flutterwave/rave.NOTICE: Payment requires validation.. [] []
[2020-07-29 18:30:44] flutterwave/rave.NOTICE: Payment requires otp validation... [] []
[2020-07-29 18:32:45] flutterwave/rave.NOTICE: Generating Reference Number.... [] []
[2020-07-29 18:32:45] flutterwave/rave.NOTICE: Generated Reference Number....RV_5f21a4add039f [] []
[2020-07-29 18:32:45] flutterwave/rave.NOTICE: Rave Class Initializes.... [] []
[2020-07-29 18:32:45] flutterwave/rave.NOTICE: Checking payment details.. [] []
[2020-07-29 18:32:52] flutterwave/rave.NOTICE: Payment requires validation.. [] []
[2020-07-29 18:34:21] flutterwave/rave.NOTICE: Generating Reference Number.... [] []
[2020-07-29 18:34:21] flutterwave/rave.NOTICE: Generated Reference Number....RV_5f21a50d3978f [] []
[2020-07-29 18:34:21] flutterwave/rave.NOTICE: Rave Class Initializes.... [] []
[2020-07-29 18:34:21] flutterwave/rave.NOTICE: Checking payment details.. [] []
[2020-07-29 18:34:27] flutterwave/rave.NOTICE: Payment requires validation.. [] []
[2020-07-29 18:40:09] flutterwave/rave.NOTICE: Generating Reference Number.... [] []
[2020-07-29 18:40:09] flutterwave/rave.NOTICE: Generated Reference Number....RV_5f21a669da12c [] []
[2020-07-29 18:40:09] flutterwave/rave.NOTICE: Rave Class Initializes.... [] []
[2020-07-29 18:40:09] flutterwave/rave.NOTICE: Checking payment details.. [] []
[2020-07-29 18:40:15] flutterwave/rave.NOTICE: Payment requires validation.. [] []
[2020-07-29 18:51:37] flutterwave/rave.NOTICE: Generating Reference Number.... [] []
[2020-07-29 18:51:37] flutterwave/rave.NOTICE: Generated Reference Number....RV_5f21a91984446 [] []
[2020-07-29 18:51:37] flutterwave/rave.NOTICE: Rave Class Initializes.... [] []
[2020-07-29 18:51:37] flutterwave/rave.NOTICE: Checking payment details.. [] []
[2020-07-29 18:51:42] flutterwave/rave.NOTICE: Payment requires validation.. [] []
[2020-07-29 18:51:42] flutterwave/rave.NOTICE: Payment requires otp validation... [] []
[2020-07-29 19:12:20] flutterwave/rave.NOTICE: Generating Reference Number.... [] []
[2020-07-29 19:12:20] flutterwave/rave.NOTICE: Generated Reference Number....RV_5f21adf43b5ab [] []
[2020-07-29 19:12:20] flutterwave/rave.NOTICE: Rave Class Initializes.... [] []
[2020-07-29 19:13:23] flutterwave/rave.NOTICE: Generating Reference Number.... [] []
[2020-07-29 19:13:23] flutterwave/rave.NOTICE: Generated Reference Number....RV_5f21ae33d2470 [] []
[2020-07-29 19:13:23] flutterwave/rave.NOTICE: Rave Class Initializes.... [] []
[2020-07-29 19:14:20] flutterwave/rave.NOTICE: Generating Reference Number.... [] []
[2020-07-29 19:14:20] flutterwave/rave.NOTICE: Generated Reference Number....RV_5f21ae6cc2a98 [] []
[2020-07-29 19:14:20] flutterwave/rave.NOTICE: Rave Class Initializes.... [] []
[2020-07-29 19:14:25] flutterwave/rave.NOTICE: Generating Reference Number.... [] []
[2020-07-29 19:14:25] flutterwave/rave.NOTICE: Generated Reference Number....RV_5f21ae716d820 [] []
[2020-07-29 19:14:25] flutterwave/rave.NOTICE: Rave Class Initializes.... [] []
[2020-07-29 19:14:25] flutterwave/rave.NOTICE: Checking payment details.. [] []
[2020-07-29 19:14:30] flutterwave/rave.NOTICE: Payment requires validation.. [] []
[2020-07-29 19:14:30] flutterwave/rave.NOTICE: Payment requires otp validation... [] []
[2020-07-29 19:14:42] flutterwave/rave.NOTICE: Validating otp... [] []
[2020-07-29 19:14:47] flutterwave/rave.NOTICE: Verifying transaction... [] []
[2020-07-29 19:14:52] flutterwave/rave.NOTICE: Generating Reference Number.... [] []
[2020-07-29 19:14:52] flutterwave/rave.NOTICE: Generated Reference Number....RV_5f21ae8c75673 [] []
[2020-07-29 19:14:52] flutterwave/rave.NOTICE: Rave Class Initializes.... [] []
[2020-07-29 19:16:14] flutterwave/rave.NOTICE: Generating Reference Number.... [] []
[2020-07-29 19:16:14] flutterwave/rave.NOTICE: Generated Reference Number....RV_5f21aedee3200 [] []
[2020-07-29 19:16:14] flutterwave/rave.NOTICE: Rave Class Initializes.... [] []
[2020-07-29 19:16:17] flutterwave/rave.NOTICE: Generating Reference Number.... [] []
[2020-07-29 19:16:17] flutterwave/rave.NOTICE: Generated Reference Number....RV_5f21aee106b64 [] []
[2020-07-29 19:16:17] flutterwave/rave.NOTICE: Rave Class Initializes.... [] []
[2020-07-29 19:16:17] flutterwave/rave.NOTICE: Checking payment details.. [] []
[2020-07-29 19:16:22] flutterwave/rave.NOTICE: Payment requires validation.. [] []
[2020-07-29 19:16:22] flutterwave/rave.NOTICE: Payment requires otp validation... [] []
[2020-07-29 19:17:29] flutterwave/rave.NOTICE: Generating Reference Number.... [] []
[2020-07-29 19:17:29] flutterwave/rave.NOTICE: Generated Reference Number....RV_5f21af29a49bc [] []
[2020-07-29 19:17:29] flutterwave/rave.NOTICE: Rave Class Initializes.... [] []
[2020-07-29 19:17:30] flutterwave/rave.NOTICE: Generating Reference Number.... [] []
[2020-07-29 19:17:30] flutterwave/rave.NOTICE: Generated Reference Number....RV_5f21af2ae8782 [] []
[2020-07-29 19:17:30] flutterwave/rave.NOTICE: Rave Class Initializes.... [] []
[2020-07-29 19:17:31] flutterwave/rave.NOTICE: Generating Reference Number.... [] []
[2020-07-29 19:17:31] flutterwave/rave.NOTICE: Generated Reference Number....RV_5f21af2b21e4e [] []
[2020-07-29 19:17:31] flutterwave/rave.NOTICE: Rave Class Initializes.... [] []
[2020-07-29 19:17:33] flutterwave/rave.NOTICE: Generating Reference Number.... [] []
[2020-07-29 19:17:33] flutterwave/rave.NOTICE: Generated Reference Number....RV_5f21af2d03970 [] []
[2020-07-29 19:17:33] flutterwave/rave.NOTICE: Rave Class Initializes.... [] []
[2020-07-29 19:17:33] flutterwave/rave.NOTICE: Checking payment details.. [] []
[2020-07-29 19:20:01] flutterwave/rave.NOTICE: Generating Reference Number.... [] []
[2020-07-29 19:20:02] flutterwave/rave.NOTICE: Generated Reference Number....RV_5f21afc200078 [] []
[2020-07-29 19:20:02] flutterwave/rave.NOTICE: Rave Class Initializes.... [] []
[2020-07-29 19:20:06] flutterwave/rave.NOTICE: Generating Reference Number.... [] []
[2020-07-29 19:20:06] flutterwave/rave.NOTICE: Generated Reference Number....RV_5f21afc62d6f7 [] []
[2020-07-29 19:20:06] flutterwave/rave.NOTICE: Rave Class Initializes.... [] []
[2020-07-29 19:20:06] flutterwave/rave.NOTICE: Generating Reference Number.... [] []
[2020-07-29 19:20:06] flutterwave/rave.NOTICE: Generated Reference Number....RV_5f21afc6c29ac [] []
[2020-07-29 19:20:06] flutterwave/rave.NOTICE: Rave Class Initializes.... [] []
[2020-07-29 19:20:08] flutterwave/rave.NOTICE: Generating Reference Number.... [] []
[2020-07-29 19:20:08] flutterwave/rave.NOTICE: Generated Reference Number....RV_5f21afc86bcf2 [] []
[2020-07-29 19:20:08] flutterwave/rave.NOTICE: Rave Class Initializes.... [] []
[2020-07-29 19:20:08] flutterwave/rave.NOTICE: Checking payment details.. [] []
[2020-07-29 19:20:15] flutterwave/rave.NOTICE: Payment requires validation.. [] []
[2020-07-29 19:20:22] flutterwave/rave.NOTICE: Validating otp... [] []
[2020-07-29 19:20:24] flutterwave/rave.NOTICE: Verifying transaction... [] []
[2020-07-29 19:20:36] flutterwave/rave.NOTICE: Generating Reference Number.... [] []
[2020-07-29 19:20:36] flutterwave/rave.NOTICE: Generated Reference Number....RV_5f21afe43dc84 [] []
[2020-07-29 19:20:36] flutterwave/rave.NOTICE: Rave Class Initializes.... [] []
[2020-07-29 19:20:38] flutterwave/rave.NOTICE: Generating Reference Number.... [] []
[2020-07-29 19:20:38] flutterwave/rave.NOTICE: Generated Reference Number....RV_5f21afe684b20 [] []
[2020-07-29 19:20:38] flutterwave/rave.NOTICE: Rave Class Initializes.... [] []
[2020-07-29 19:20:38] flutterwave/rave.NOTICE: Checking payment details.. [] []
[2020-07-29 19:20:45] flutterwave/rave.NOTICE: Payment requires validation.. [] []
[2020-07-29 19:20:51] flutterwave/rave.NOTICE: Validating otp... [] []
[2020-07-29 19:20:53] flutterwave/rave.NOTICE: Verifying transaction... [] []
