[2020-11-21 02:04:57] flutterwave/rave.NOTICE: Generating Reference Number.... [] []
[2020-11-21 02:04:57] flutterwave/rave.NOTICE: Generated Reference Number....RV_5fb867b906e7e [] []
[2020-11-21 02:04:57] flutterwave/rave.NOTICE: Rave Class Initializes.... [] []
[2020-11-21 02:07:18] flutterwave/rave.NOTICE: Generating Reference Number.... [] []
[2020-11-21 02:07:18] flutterwave/rave.NOTICE: Generated Reference Number....RV_5fb868467e603 [] []
[2020-11-21 02:07:18] flutterwave/rave.NOTICE: Rave Class Initializes.... [] []
[2020-11-21 02:07:30] flutterwave/rave.NOTICE: Validating otp... [] []
[2020-11-21 02:07:32] flutterwave/rave.NOTICE: Verifying transaction... [] []
[2020-11-21 02:07:38] flutterwave/rave.NOTICE: Validating otp... [] []
[2020-11-21 02:07:39] flutterwave/rave.NOTICE: Verifying transaction... [] []
[2020-11-21 02:11:34] flutterwave/rave.NOTICE: Generating Reference Number.... [] []
[2020-11-21 02:11:34] flutterwave/rave.NOTICE: Generated Reference Number....RV_5fb86946868a3 [] []
[2020-11-21 02:11:34] flutterwave/rave.NOTICE: Rave Class Initializes.... [] []
[2020-11-21 02:22:13] flutterwave/rave.NOTICE: Generating Reference Number.... [] []
[2020-11-21 02:22:13] flutterwave/rave.NOTICE: Generated Reference Number....RV_5fb86bc5eff71 [] []
[2020-11-21 02:22:13] flutterwave/rave.NOTICE: Rave Class Initializes.... [] []
[2020-11-21 02:22:13] flutterwave/rave.NOTICE: Getting all Transactions... [] []
[2020-11-21 02:22:16] flutterwave/rave.NOTICE: Verifying transaction... [] []
[2020-11-21 02:25:06] flutterwave/rave.NOTICE: Generating Reference Number.... [] []
[2020-11-21 02:25:06] flutterwave/rave.NOTICE: Generated Reference Number....RV_5fb86c726d96a [] []
[2020-11-21 02:25:06] flutterwave/rave.NOTICE: Rave Class Initializes.... [] []
[2020-11-21 02:25:06] flutterwave/rave.NOTICE: Getting all Transactions... [] []
[2020-11-21 02:25:09] flutterwave/rave.NOTICE: Verifying transaction... [] []
[2020-11-21 02:26:43] flutterwave/rave.NOTICE: Generating Reference Number.... [] []
[2020-11-21 02:26:43] flutterwave/rave.NOTICE: Generated Reference Number....RV_5fb86cd37b6d5 [] []
[2020-11-21 02:26:43] flutterwave/rave.NOTICE: Rave Class Initializes.... [] []
[2020-11-21 02:26:43] flutterwave/rave.NOTICE: Getting all Transactions... [] []
[2020-11-21 02:26:47] flutterwave/rave.NOTICE: Verifying transaction... [] []
[2020-11-21 02:31:57] flutterwave/rave.NOTICE: Generating Reference Number.... [] []
[2020-11-21 02:31:57] flutterwave/rave.NOTICE: Generated Reference Number....RV_5fb86e0dc23f7 [] []
[2020-11-21 02:31:57] flutterwave/rave.NOTICE: Rave Class Initializes.... [] []
[2020-11-21 02:31:57] flutterwave/rave.NOTICE: Getting all Transactions... [] []
[2020-11-21 02:32:16] flutterwave/rave.NOTICE: Generating Reference Number.... [] []
[2020-11-21 02:32:16] flutterwave/rave.NOTICE: Generated Reference Number....RV_5fb86e20a2c30 [] []
[2020-11-21 02:32:16] flutterwave/rave.NOTICE: Rave Class Initializes.... [] []
[2020-11-21 02:32:16] flutterwave/rave.NOTICE: Getting all Transactions... [] []
[2020-11-21 02:32:24] flutterwave/rave.NOTICE: Generating Reference Number.... [] []
[2020-11-21 02:32:24] flutterwave/rave.NOTICE: Generated Reference Number....RV_5fb86e286d829 [] []
[2020-11-21 02:32:24] flutterwave/rave.NOTICE: Rave Class Initializes.... [] []
[2020-11-21 02:32:24] flutterwave/rave.NOTICE: Getting all Transactions... [] []
[2020-11-21 02:32:27] flutterwave/rave.NOTICE: Verifying transaction... [] []
[2020-11-21 02:34:18] flutterwave/rave.NOTICE: Generating Reference Number.... [] []
[2020-11-21 02:34:18] flutterwave/rave.NOTICE: Generated Reference Number....RV_5fb86e9a170b7 [] []
[2020-11-21 02:34:18] flutterwave/rave.NOTICE: Rave Class Initializes.... [] []
[2020-11-21 02:34:18] flutterwave/rave.NOTICE: Getting all Transactions... [] []
[2020-11-21 02:35:19] flutterwave/rave.NOTICE: Generating Reference Number.... [] []
[2020-11-21 02:35:19] flutterwave/rave.NOTICE: Generated Reference Number....RV_5fb86ed7bf1c9 [] []
[2020-11-21 02:35:19] flutterwave/rave.NOTICE: Rave Class Initializes.... [] []
[2020-11-21 02:35:19] flutterwave/rave.NOTICE: Getting all Transactions... [] []
[2020-11-21 02:35:24] flutterwave/rave.NOTICE: Verifying transaction... [] []
[2020-11-21 02:36:16] flutterwave/rave.NOTICE: Generating Reference Number.... [] []
[2020-11-21 02:36:16] flutterwave/rave.NOTICE: Generated Reference Number....RV_5fb86f10b8e9c [] []
[2020-11-21 02:36:16] flutterwave/rave.NOTICE: Rave Class Initializes.... [] []
[2020-11-21 02:36:16] flutterwave/rave.NOTICE: Getting all Transactions... [] []
[2020-11-21 02:39:20] flutterwave/rave.NOTICE: Generating Reference Number.... [] []
[2020-11-21 02:39:20] flutterwave/rave.NOTICE: Generated Reference Number....RV_5fb86fc8e4f1b [] []
[2020-11-21 02:39:20] flutterwave/rave.NOTICE: Rave Class Initializes.... [] []
[2020-11-21 02:39:20] flutterwave/rave.NOTICE: Getting all Transactions... [] []
[2020-11-21 02:39:26] flutterwave/rave.NOTICE: Verifying transaction... [] []
[2020-11-21 02:42:15] flutterwave/rave.NOTICE: Generating Reference Number.... [] []
[2020-11-21 02:42:15] flutterwave/rave.NOTICE: Generated Reference Number....RV_5fb870770ee80 [] []
[2020-11-21 02:42:15] flutterwave/rave.NOTICE: Rave Class Initializes.... [] []
[2020-11-21 02:42:15] flutterwave/rave.NOTICE: Getting all Transactions... [] []
[2020-11-21 02:44:03] flutterwave/rave.NOTICE: Generating Reference Number.... [] []
[2020-11-21 02:44:03] flutterwave/rave.NOTICE: Generated Reference Number....RV_5fb870e34ce00 [] []
[2020-11-21 02:44:03] flutterwave/rave.NOTICE: Rave Class Initializes.... [] []
[2020-11-21 02:44:03] flutterwave/rave.NOTICE: Getting all Transactions... [] []
[2020-11-21 02:44:08] flutterwave/rave.NOTICE: Verifying transaction... [] []
[2020-11-21 02:44:45] flutterwave/rave.NOTICE: Generating Reference Number.... [] []
[2020-11-21 02:44:45] flutterwave/rave.NOTICE: Generated Reference Number....RV_5fb8710d2db99 [] []
[2020-11-21 02:44:45] flutterwave/rave.NOTICE: Rave Class Initializes.... [] []
[2020-11-21 02:44:45] flutterwave/rave.NOTICE: Getting all Transactions... [] []
[2020-11-21 02:44:54] flutterwave/rave.NOTICE: Generating Reference Number.... [] []
[2020-11-21 02:44:54] flutterwave/rave.NOTICE: Generated Reference Number....RV_5fb87116e42c8 [] []
[2020-11-21 02:44:54] flutterwave/rave.NOTICE: Rave Class Initializes.... [] []
[2020-11-21 02:44:54] flutterwave/rave.NOTICE: Getting all Transactions... [] []
[2020-11-21 02:45:00] flutterwave/rave.NOTICE: Verifying transaction... [] []
[2020-11-21 02:51:03] flutterwave/rave.NOTICE: Generating Reference Number.... [] []
[2020-11-21 02:51:03] flutterwave/rave.NOTICE: Generated Reference Number....RV_5fb872874747d [] []
[2020-11-21 02:51:03] flutterwave/rave.NOTICE: Rave Class Initializes.... [] []
[2020-11-21 02:51:03] flutterwave/rave.NOTICE: Getting all Transactions... [] []
[2020-11-21 02:51:08] flutterwave/rave.NOTICE: Verifying transaction... [] []
[2020-11-21 03:27:07] flutterwave/rave.NOTICE: Generating Reference Number.... [] []
[2020-11-21 03:27:07] flutterwave/rave.NOTICE: Generated Reference Number....RV_5fb87afbe6321 [] []
[2020-11-21 03:27:07] flutterwave/rave.NOTICE: Rave Class Initializes.... [] []
[2020-11-21 03:27:07] flutterwave/rave.NOTICE: Getting all Transactions... [] []
[2020-11-21 03:27:14] flutterwave/rave.NOTICE: Verifying transaction... [] []
[2020-11-21 03:31:19] flutterwave/rave.NOTICE: Generating Reference Number.... [] []
[2020-11-21 03:31:19] flutterwave/rave.NOTICE: Generated Reference Number....RV_5fb87bf7b70a3 [] []
[2020-11-21 03:31:19] flutterwave/rave.NOTICE: Rave Class Initializes.... [] []
[2020-11-21 03:31:19] flutterwave/rave.NOTICE: Getting all Transactions... [] []
[2020-11-21 03:31:25] flutterwave/rave.NOTICE: Verifying transaction... [] []
