[2020-08-03 23:33:30] flutterwave/rave.NOTICE: Generating Reference Number.... [] []
[2020-08-03 23:33:30] flutterwave/rave.NOTICE: Generated Reference Number....RV_5f2882aa43765 [] []
[2020-08-03 23:33:30] flutterwave/rave.NOTICE: Rave Class Initializes.... [] []
[2020-08-03 23:33:32] flutterwave/rave.NOTICE: Generating Reference Number.... [] []
[2020-08-03 23:33:32] flutterwave/rave.NOTICE: Generated Reference Number....RV_5f2882ac0e299 [] []
[2020-08-03 23:33:32] flutterwave/rave.NOTICE: Rave Class Initializes.... [] []
[2020-08-03 23:33:32] flutterwave/rave.NOTICE: Checking payment details.. [] []
[2020-08-03 23:34:57] flutterwave/rave.NOTICE: Generating Reference Number.... [] []
[2020-08-03 23:34:57] flutterwave/rave.NOTICE: Generated Reference Number....RV_5f288301bfa47 [] []
[2020-08-03 23:34:57] flutterwave/rave.NOTICE: Rave Class Initializes.... [] []
[2020-08-03 23:34:57] flutterwave/rave.NOTICE: Checking payment details.. [] []
[2020-08-03 23:36:00] flutterwave/rave.NOTICE: Generating Reference Number.... [] []
[2020-08-03 23:36:00] flutterwave/rave.NOTICE: Generated Reference Number....RV_5f288340764d1 [] []
[2020-08-03 23:36:00] flutterwave/rave.NOTICE: Rave Class Initializes.... [] []
[2020-08-03 23:36:00] flutterwave/rave.NOTICE: Checking payment details.. [] []
[2020-08-03 23:37:05] flutterwave/rave.NOTICE: Generating Reference Number.... [] []
[2020-08-03 23:37:05] flutterwave/rave.NOTICE: Generated Reference Number....RV_5f288381234e6 [] []
[2020-08-03 23:37:05] flutterwave/rave.NOTICE: Rave Class Initializes.... [] []
[2020-08-03 23:37:07] flutterwave/rave.NOTICE: Generating Reference Number.... [] []
[2020-08-03 23:37:07] flutterwave/rave.NOTICE: Generated Reference Number....RV_5f2883832be1c [] []
[2020-08-03 23:37:07] flutterwave/rave.NOTICE: Rave Class Initializes.... [] []
[2020-08-03 23:37:09] flutterwave/rave.NOTICE: Generating Reference Number.... [] []
[2020-08-03 23:37:09] flutterwave/rave.NOTICE: Generated Reference Number....RV_5f28838542364 [] []
[2020-08-03 23:37:09] flutterwave/rave.NOTICE: Rave Class Initializes.... [] []
[2020-08-03 23:37:09] flutterwave/rave.NOTICE: Checking payment details.. [] []
[2020-08-03 23:37:14] flutterwave/rave.NOTICE: Payment requires otp validation...authmodel:otp [] []
[2020-08-03 23:37:17] flutterwave/rave.NOTICE: Generating Reference Number.... [] []
[2020-08-03 23:37:17] flutterwave/rave.NOTICE: Generated Reference Number....RV_5f28838d72422 [] []
[2020-08-03 23:37:17] flutterwave/rave.NOTICE: Rave Class Initializes.... [] []
[2020-08-03 23:38:47] flutterwave/rave.NOTICE: Generating Reference Number.... [] []
[2020-08-03 23:38:47] flutterwave/rave.NOTICE: Generated Reference Number....RV_5f2883e7e6d13 [] []
[2020-08-03 23:38:47] flutterwave/rave.NOTICE: Rave Class Initializes.... [] []
[2020-08-03 23:38:49] flutterwave/rave.NOTICE: Generating Reference Number.... [] []
[2020-08-03 23:38:49] flutterwave/rave.NOTICE: Generated Reference Number....RV_5f2883e97e129 [] []
[2020-08-03 23:38:49] flutterwave/rave.NOTICE: Rave Class Initializes.... [] []
[2020-08-03 23:38:49] flutterwave/rave.NOTICE: Checking payment details.. [] []
[2020-08-03 23:38:56] flutterwave/rave.NOTICE: Payment requires otp validation...authmodel:otp [] []
[2020-08-03 23:39:30] flutterwave/rave.NOTICE: Generating Reference Number.... [] []
[2020-08-03 23:39:30] flutterwave/rave.NOTICE: Generated Reference Number....RV_5f288412f23ff [] []
[2020-08-03 23:39:30] flutterwave/rave.NOTICE: Rave Class Initializes.... [] []
[2020-08-03 23:39:30] flutterwave/rave.NOTICE: Processing transfer... [] []
[2020-08-03 23:39:32] flutterwave/rave.NOTICE: Processing bulk transfer... [] []
[2020-08-03 23:39:33] flutterwave/rave.NOTICE: Fetching list of transfers... [] []
[2020-08-03 23:39:35] flutterwave/rave.NOTICE: Fetching applicable fees... [] []
[2020-08-03 23:39:36] flutterwave/rave.NOTICE: Verifying transaction... [] []
[2020-08-03 23:40:12] flutterwave/rave.NOTICE: Generating Reference Number.... [] []
[2020-08-03 23:40:12] flutterwave/rave.NOTICE: Generated Reference Number....RV_5f28843cd8712 [] []
[2020-08-03 23:40:12] flutterwave/rave.NOTICE: Rave Class Initializes.... [] []
[2020-08-03 23:40:14] flutterwave/rave.NOTICE: Generating Reference Number.... [] []
[2020-08-03 23:40:14] flutterwave/rave.NOTICE: Generated Reference Number....RV_5f28843e385b2 [] []
[2020-08-03 23:40:14] flutterwave/rave.NOTICE: Rave Class Initializes.... [] []
[2020-08-03 23:40:14] flutterwave/rave.NOTICE: Checking payment details.. [] []
[2020-08-03 23:40:20] flutterwave/rave.NOTICE: Payment requires otp validation...authmodel:otp [] []
[2020-08-03 23:41:27] flutterwave/rave.NOTICE: Generating Reference Number.... [] []
[2020-08-03 23:41:27] flutterwave/rave.NOTICE: Generated Reference Number....RV_5f2884875d019 [] []
[2020-08-03 23:41:27] flutterwave/rave.NOTICE: Rave Class Initializes.... [] []
[2020-08-03 23:41:27] flutterwave/rave.NOTICE: Checking payment details.. [] []
[2020-08-03 23:41:30] flutterwave/rave.NOTICE: Generating Reference Number.... [] []
[2020-08-03 23:41:30] flutterwave/rave.NOTICE: Generated Reference Number....RV_5f28848ac5d11 [] []
[2020-08-03 23:41:30] flutterwave/rave.NOTICE: Rave Class Initializes.... [] []
[2020-08-03 23:41:30] flutterwave/rave.NOTICE: Checking payment details.. [] []
[2020-08-03 23:41:49] flutterwave/rave.NOTICE: Generating Reference Number.... [] []
[2020-08-03 23:41:49] flutterwave/rave.NOTICE: Generated Reference Number....RV_5f28849d8c9e2 [] []
[2020-08-03 23:41:49] flutterwave/rave.NOTICE: Rave Class Initializes.... [] []
[2020-08-03 23:41:49] flutterwave/rave.NOTICE: Checking payment details.. [] []
[2020-08-03 23:41:52] flutterwave/rave.NOTICE: Generating Reference Number.... [] []
[2020-08-03 23:41:52] flutterwave/rave.NOTICE: Generated Reference Number....RV_5f2884a08d2b6 [] []
[2020-08-03 23:41:52] flutterwave/rave.NOTICE: Rave Class Initializes.... [] []
[2020-08-03 23:41:52] flutterwave/rave.NOTICE: Checking payment details.. [] []
[2020-08-03 23:42:11] flutterwave/rave.NOTICE: Generating Reference Number.... [] []
[2020-08-03 23:42:11] flutterwave/rave.NOTICE: Generated Reference Number....RV_5f2884b3034be [] []
[2020-08-03 23:42:11] flutterwave/rave.NOTICE: Rave Class Initializes.... [] []
[2020-08-03 23:42:11] flutterwave/rave.NOTICE: Checking payment details.. [] []
[2020-08-03 23:44:01] flutterwave/rave.NOTICE: Generating Reference Number.... [] []
[2020-08-03 23:44:02] flutterwave/rave.NOTICE: Generated Reference Number....RV_5f28852200f8a [] []
[2020-08-03 23:44:02] flutterwave/rave.NOTICE: Rave Class Initializes.... [] []
[2020-08-03 23:44:02] flutterwave/rave.NOTICE: Checking payment details.. [] []
[2020-08-03 23:44:06] flutterwave/rave.NOTICE: Generating Reference Number.... [] []
[2020-08-03 23:44:06] flutterwave/rave.NOTICE: Generated Reference Number....RV_5f28852639c9d [] []
[2020-08-03 23:44:06] flutterwave/rave.NOTICE: Rave Class Initializes.... [] []
[2020-08-03 23:44:06] flutterwave/rave.NOTICE: Checking payment details.. [] []
[2020-08-03 23:44:08] flutterwave/rave.NOTICE: Payment requires otp validation...authmodel:otp [] []
[2020-08-03 23:44:11] flutterwave/rave.NOTICE: Generating Reference Number.... [] []
[2020-08-03 23:44:11] flutterwave/rave.NOTICE: Generated Reference Number....RV_5f28852b7357a [] []
[2020-08-03 23:44:11] flutterwave/rave.NOTICE: Rave Class Initializes.... [] []
[2020-08-03 23:44:11] flutterwave/rave.NOTICE: Checking payment details.. [] []
[2020-08-03 23:44:18] flutterwave/rave.NOTICE: Payment requires otp validation...authmodel:otp [] []
[2020-08-03 23:49:37] flutterwave/rave.NOTICE: Generating Reference Number.... [] []
[2020-08-03 23:49:37] flutterwave/rave.NOTICE: Generated Reference Number....RV_5f28867161ab8 [] []
[2020-08-03 23:49:37] flutterwave/rave.NOTICE: Rave Class Initializes.... [] []
[2020-08-03 23:49:38] flutterwave/rave.NOTICE: Generating Reference Number.... [] []
[2020-08-03 23:49:38] flutterwave/rave.NOTICE: Generated Reference Number....RV_5f288672d61e5 [] []
[2020-08-03 23:49:38] flutterwave/rave.NOTICE: Rave Class Initializes.... [] []
[2020-08-03 23:49:38] flutterwave/rave.NOTICE: Checking payment details.. [] []
[2020-08-03 23:49:46] flutterwave/rave.NOTICE: Payment requires otp validation...authmodel:otp [] []
[2020-08-03 23:50:29] flutterwave/rave.NOTICE: Generating Reference Number.... [] []
[2020-08-03 23:50:29] flutterwave/rave.NOTICE: Generated Reference Number....RV_5f2886a5c5f5f [] []
[2020-08-03 23:50:29] flutterwave/rave.NOTICE: Rave Class Initializes.... [] []
