[2020-08-04 00:01:09] flutterwave/rave.NOTICE: Generating Reference Number.... [] []
[2020-08-04 00:01:09] flutterwave/rave.NOTICE: Generated Reference Number....RV_5f288925c1430 [] []
[2020-08-04 00:01:09] flutterwave/rave.NOTICE: Rave Class Initializes.... [] []
[2020-08-04 00:01:11] flutterwave/rave.NOTICE: Generating Reference Number.... [] []
[2020-08-04 00:01:11] flutterwave/rave.NOTICE: Generated Reference Number....RV_5f28892719e51 [] []
[2020-08-04 00:01:11] flutterwave/rave.NOTICE: Rave Class Initializes.... [] []
[2020-08-04 00:01:11] flutterwave/rave.NOTICE: Checking payment details.. [] []
[2020-08-04 00:01:16] flutterwave/rave.NOTICE: Payment requires otp validation...authmodel:otp [] []
[2020-08-04 00:03:14] flutterwave/rave.NOTICE: Validating otp... [] []
[2020-08-04 00:03:16] flutterwave/rave.NOTICE: Verifying transaction... [] []
[2020-08-04 00:05:27] flutterwave/rave.NOTICE: Validating otp... [] []
[2020-08-04 00:05:33] flutterwave/rave.NOTICE: Verifying transaction... [] []
[2020-08-04 00:05:41] flutterwave/rave.NOTICE: Generating Reference Number.... [] []
[2020-08-04 00:05:41] flutterwave/rave.NOTICE: Generated Reference Number....RV_5f288a35ae352 [] []
[2020-08-04 00:05:41] flutterwave/rave.NOTICE: Rave Class Initializes.... [] []
[2020-08-04 00:05:43] flutterwave/rave.NOTICE: Generating Reference Number.... [] []
[2020-08-04 00:05:43] flutterwave/rave.NOTICE: Generated Reference Number....RV_5f288a37a8145 [] []
[2020-08-04 00:05:43] flutterwave/rave.NOTICE: Rave Class Initializes.... [] []
[2020-08-04 00:05:43] flutterwave/rave.NOTICE: Checking payment details.. [] []
[2020-08-04 00:05:49] flutterwave/rave.NOTICE: Payment requires otp validation...authmodel:otp [] []
[2020-08-04 00:05:56] flutterwave/rave.NOTICE: Validating otp... [] []
[2020-08-04 00:06:04] flutterwave/rave.NOTICE: Verifying transaction... [] []
[2020-08-04 00:08:57] flutterwave/rave.NOTICE: Generating Reference Number.... [] []
[2020-08-04 00:08:58] flutterwave/rave.NOTICE: Generated Reference Number....RV_5f288afa00d1e [] []
[2020-08-04 00:08:58] flutterwave/rave.NOTICE: Rave Class Initializes.... [] []
[2020-08-04 00:08:59] flutterwave/rave.NOTICE: Generating Reference Number.... [] []
[2020-08-04 00:08:59] flutterwave/rave.NOTICE: Generated Reference Number....RV_5f288afbd67c2 [] []
[2020-08-04 00:08:59] flutterwave/rave.NOTICE: Rave Class Initializes.... [] []
[2020-08-04 00:09:01] flutterwave/rave.NOTICE: Generating Reference Number.... [] []
[2020-08-04 00:09:01] flutterwave/rave.NOTICE: Generated Reference Number....RV_5f288afd947d8 [] []
[2020-08-04 00:09:01] flutterwave/rave.NOTICE: Rave Class Initializes.... [] []
[2020-08-04 00:09:01] flutterwave/rave.NOTICE: Checking payment details.. [] []
[2020-08-04 00:09:07] flutterwave/rave.NOTICE: Payment requires otp validation...authmodel:otp [] []
[2020-08-04 00:09:14] flutterwave/rave.NOTICE: Validating otp... [] []
[2020-08-04 00:09:21] flutterwave/rave.NOTICE: Verifying transaction... [] []
[2020-08-04 00:12:08] flutterwave/rave.NOTICE: Generating Reference Number.... [] []
[2020-08-04 00:12:08] flutterwave/rave.NOTICE: Generated Reference Number....RV_5f288bb82486a [] []
[2020-08-04 00:12:08] flutterwave/rave.NOTICE: Rave Class Initializes.... [] []
[2020-08-04 00:12:10] flutterwave/rave.NOTICE: Generating Reference Number.... [] []
[2020-08-04 00:12:10] flutterwave/rave.NOTICE: Generated Reference Number....RV_5f288bba42216 [] []
[2020-08-04 00:12:10] flutterwave/rave.NOTICE: Rave Class Initializes.... [] []
[2020-08-04 00:12:12] flutterwave/rave.NOTICE: Generating Reference Number.... [] []
[2020-08-04 00:12:12] flutterwave/rave.NOTICE: Generated Reference Number....RV_5f288bbc2240d [] []
[2020-08-04 00:12:12] flutterwave/rave.NOTICE: Rave Class Initializes.... [] []
[2020-08-04 00:12:12] flutterwave/rave.NOTICE: Checking payment details.. [] []
[2020-08-04 00:12:18] flutterwave/rave.NOTICE: Payment requires otp validation...authmodel:otp [] []
[2020-08-04 00:15:22] flutterwave/rave.NOTICE: Generating Reference Number.... [] []
[2020-08-04 00:15:22] flutterwave/rave.NOTICE: Generated Reference Number....RV_5f288c7a81270 [] []
[2020-08-04 00:15:22] flutterwave/rave.NOTICE: Rave Class Initializes.... [] []
[2020-08-04 00:15:24] flutterwave/rave.NOTICE: Generating Reference Number.... [] []
[2020-08-04 00:15:24] flutterwave/rave.NOTICE: Generated Reference Number....RV_5f288c7c056af [] []
[2020-08-04 00:15:24] flutterwave/rave.NOTICE: Rave Class Initializes.... [] []
[2020-08-04 00:15:24] flutterwave/rave.NOTICE: Generating Reference Number.... [] []
[2020-08-04 00:15:24] flutterwave/rave.NOTICE: Generated Reference Number....RV_5f288c7c61305 [] []
[2020-08-04 00:15:24] flutterwave/rave.NOTICE: Rave Class Initializes.... [] []
[2020-08-04 00:15:25] flutterwave/rave.NOTICE: Generating Reference Number.... [] []
[2020-08-04 00:15:25] flutterwave/rave.NOTICE: Generated Reference Number....RV_5f288c7d6f420 [] []
[2020-08-04 00:15:25] flutterwave/rave.NOTICE: Rave Class Initializes.... [] []
[2020-08-04 00:15:25] flutterwave/rave.NOTICE: Checking payment details.. [] []
[2020-08-04 00:15:31] flutterwave/rave.NOTICE: Payment requires otp validation...authmodel:otp [] []
[2020-08-04 00:15:37] flutterwave/rave.NOTICE: Validating otp... [] []
[2020-08-04 00:15:40] flutterwave/rave.NOTICE: Verifying transaction... [] []
[2020-08-04 00:22:17] flutterwave/rave.NOTICE: Generating Reference Number.... [] []
[2020-08-04 00:22:17] flutterwave/rave.NOTICE: Generated Reference Number....RV_5f288e1968b61 [] []
[2020-08-04 00:22:17] flutterwave/rave.NOTICE: Rave Class Initializes.... [] []
[2020-08-04 00:22:19] flutterwave/rave.NOTICE: Generating Reference Number.... [] []
[2020-08-04 00:22:19] flutterwave/rave.NOTICE: Generated Reference Number....RV_5f288e1b01ff1 [] []
[2020-08-04 00:22:19] flutterwave/rave.NOTICE: Rave Class Initializes.... [] []
[2020-08-04 00:22:20] flutterwave/rave.NOTICE: Generating Reference Number.... [] []
[2020-08-04 00:22:20] flutterwave/rave.NOTICE: Generated Reference Number....RV_5f288e1ca0e42 [] []
[2020-08-04 00:22:20] flutterwave/rave.NOTICE: Rave Class Initializes.... [] []
[2020-08-04 00:22:20] flutterwave/rave.NOTICE: Generating Reference Number.... [] []
[2020-08-04 00:22:20] flutterwave/rave.NOTICE: Generated Reference Number....RV_5f288e1cdb4e2 [] []
[2020-08-04 00:22:20] flutterwave/rave.NOTICE: Rave Class Initializes.... [] []
[2020-08-04 00:22:21] flutterwave/rave.NOTICE: Generating Reference Number.... [] []
[2020-08-04 00:22:21] flutterwave/rave.NOTICE: Generated Reference Number....RV_5f288e1d22ffd [] []
[2020-08-04 00:22:21] flutterwave/rave.NOTICE: Rave Class Initializes.... [] []
[2020-08-04 00:22:21] flutterwave/rave.NOTICE: Generating Reference Number.... [] []
[2020-08-04 00:22:21] flutterwave/rave.NOTICE: Generated Reference Number....RV_5f288e1d4648d [] []
[2020-08-04 00:22:21] flutterwave/rave.NOTICE: Rave Class Initializes.... [] []
[2020-08-04 00:22:21] flutterwave/rave.NOTICE: Generating Reference Number.... [] []
[2020-08-04 00:22:21] flutterwave/rave.NOTICE: Generated Reference Number....RV_5f288e1d74674 [] []
[2020-08-04 00:22:21] flutterwave/rave.NOTICE: Rave Class Initializes.... [] []
[2020-08-04 00:22:22] flutterwave/rave.NOTICE: Generating Reference Number.... [] []
[2020-08-04 00:22:22] flutterwave/rave.NOTICE: Generated Reference Number....RV_5f288e1ef1cd9 [] []
[2020-08-04 00:22:22] flutterwave/rave.NOTICE: Rave Class Initializes.... [] []
[2020-08-04 00:22:22] flutterwave/rave.NOTICE: Checking payment details.. [] []
[2020-08-04 00:22:26] flutterwave/rave.NOTICE: Payment requires otp validation...authmodel:pin [] []
[2020-08-04 00:22:30] flutterwave/rave.NOTICE: Generating Reference Number.... [] []
[2020-08-04 00:22:30] flutterwave/rave.NOTICE: Generated Reference Number....RV_5f288e269d377 [] []
[2020-08-04 00:22:30] flutterwave/rave.NOTICE: Rave Class Initializes.... [] []
[2020-08-04 00:23:29] flutterwave/rave.NOTICE: Generating Reference Number.... [] []
[2020-08-04 00:23:29] flutterwave/rave.NOTICE: Generated Reference Number....RV_5f288e610498e [] []
[2020-08-04 00:23:29] flutterwave/rave.NOTICE: Rave Class Initializes.... [] []
[2020-08-04 00:23:29] flutterwave/rave.NOTICE: Checking payment details.. [] []
[2020-08-04 00:23:35] flutterwave/rave.NOTICE: Payment requires otp validation...authmodel:otp [] []
[2020-08-04 00:25:23] flutterwave/rave.NOTICE: Generating Reference Number.... [] []
[2020-08-04 00:25:24] flutterwave/rave.NOTICE: Generated Reference Number....RV_5f288ed400c2c [] []
[2020-08-04 00:25:24] flutterwave/rave.NOTICE: Rave Class Initializes.... [] []
[2020-08-04 00:26:17] flutterwave/rave.NOTICE: Generating Reference Number.... [] []
[2020-08-04 00:26:17] flutterwave/rave.NOTICE: Generated Reference Number....RV_5f288f094fba6 [] []
[2020-08-04 00:26:17] flutterwave/rave.NOTICE: Rave Class Initializes.... [] []
[2020-08-04 00:26:17] flutterwave/rave.NOTICE: Processing transfer... [] []
[2020-08-04 00:26:18] flutterwave/rave.NOTICE: Processing bulk transfer... [] []
[2020-08-04 00:26:19] flutterwave/rave.NOTICE: Fetching list of transfers... [] []
[2020-08-04 00:26:20] flutterwave/rave.NOTICE: Fetching applicable fees... [] []
[2020-08-04 00:26:21] flutterwave/rave.NOTICE: Verifying transaction... [] []
[2020-08-04 02:08:40] flutterwave/rave.NOTICE: Generating Reference Number.... [] []
[2020-08-04 02:08:40] flutterwave/rave.NOTICE: Generated Reference Number....RV_5f28a708ecbea [] []
[2020-08-04 02:08:40] flutterwave/rave.NOTICE: Rave Class Initializes.... [] []
[2020-08-04 02:08:42] flutterwave/rave.NOTICE: Generating Reference Number.... [] []
[2020-08-04 02:08:42] flutterwave/rave.NOTICE: Generated Reference Number....RV_5f28a70a9ac4d [] []
[2020-08-04 02:08:42] flutterwave/rave.NOTICE: Rave Class Initializes.... [] []
[2020-08-04 02:08:42] flutterwave/rave.NOTICE: Checking payment details.. [] []
[2020-08-04 02:08:50] flutterwave/rave.NOTICE: Payment requires otp validation...authmodel:otp [] []
[2020-08-04 02:08:59] flutterwave/rave.NOTICE: Validating otp... [] []
[2020-08-04 02:09:03] flutterwave/rave.NOTICE: Verifying transaction... [] []
[2020-08-04 03:15:34] flutterwave/rave.NOTICE: Generating Reference Number.... [] []
[2020-08-04 03:15:34] flutterwave/rave.NOTICE: Generated Reference Number....RV_5f28b6b636852 [] []
[2020-08-04 03:15:34] flutterwave/rave.NOTICE: Rave Class Initializes.... [] []
[2020-08-04 03:15:47] flutterwave/rave.NOTICE: Payment requires otp validation... [] []
[2020-08-04 03:15:47] flutterwave/rave.NOTICE: Verifying transaction... [] []
[2020-08-04 03:18:30] flutterwave/rave.NOTICE: Generating Reference Number.... [] []
[2020-08-04 03:18:30] flutterwave/rave.NOTICE: Generated Reference Number....RV_5f28b7660f0e8 [] []
[2020-08-04 03:18:30] flutterwave/rave.NOTICE: Rave Class Initializes.... [] []
[2020-08-04 03:18:43] flutterwave/rave.NOTICE: Payment requires otp validation... [] []
[2020-08-04 03:18:43] flutterwave/rave.NOTICE: Verifying transaction... [] []
[2020-08-04 03:18:55] flutterwave/rave.NOTICE: Generating Reference Number.... [] []
[2020-08-04 03:18:55] flutterwave/rave.NOTICE: Generated Reference Number....RV_5f28b77f20eb1 [] []
[2020-08-04 03:18:55] flutterwave/rave.NOTICE: Rave Class Initializes.... [] []
[2020-08-04 03:19:03] flutterwave/rave.NOTICE: Payment requires otp validation... [] []
[2020-08-04 03:19:03] flutterwave/rave.NOTICE: Verifying transaction... [] []
[2020-08-04 03:21:46] flutterwave/rave.NOTICE: Generating Reference Number.... [] []
[2020-08-04 03:21:46] flutterwave/rave.NOTICE: Generated Reference Number....RV_5f28b82a18177 [] []
[2020-08-04 03:21:46] flutterwave/rave.NOTICE: Rave Class Initializes.... [] []
[2020-08-04 03:21:46] flutterwave/rave.NOTICE: Verifying transaction... [] []
[2020-08-04 03:26:02] flutterwave/rave.NOTICE: Generating Reference Number.... [] []
[2020-08-04 03:26:02] flutterwave/rave.NOTICE: Generated Reference Number....RV_5f28b92a46b81 [] []
[2020-08-04 03:26:02] flutterwave/rave.NOTICE: Rave Class Initializes.... [] []
[2020-08-04 03:26:04] flutterwave/rave.NOTICE: Verifying transaction... [] []
[2020-08-04 03:29:35] flutterwave/rave.NOTICE: Generating Reference Number.... [] []
[2020-08-04 03:29:35] flutterwave/rave.NOTICE: Generated Reference Number....RV_5f28b9ff84168 [] []
[2020-08-04 03:29:35] flutterwave/rave.NOTICE: Rave Class Initializes.... [] []
[2020-08-04 03:29:36] flutterwave/rave.NOTICE: Verifying transaction... [] []
[2020-08-04 03:32:20] flutterwave/rave.NOTICE: Generating Reference Number.... [] []
[2020-08-04 03:32:20] flutterwave/rave.NOTICE: Generated Reference Number....RV_5f28baa4de60b [] []
[2020-08-04 03:32:20] flutterwave/rave.NOTICE: Rave Class Initializes.... [] []
[2020-08-04 03:32:21] flutterwave/rave.NOTICE: Verifying transaction... [] []
[2020-08-04 03:34:17] flutterwave/rave.NOTICE: Generating Reference Number.... [] []
[2020-08-04 03:34:17] flutterwave/rave.NOTICE: Generated Reference Number....RV_5f28bb199acd1 [] []
[2020-08-04 03:34:17] flutterwave/rave.NOTICE: Rave Class Initializes.... [] []
[2020-08-04 03:34:20] flutterwave/rave.NOTICE: Verifying transaction... [] []
[2020-08-04 03:34:55] flutterwave/rave.NOTICE: Generating Reference Number.... [] []
[2020-08-04 03:34:55] flutterwave/rave.NOTICE: Generated Reference Number....RV_5f28bb3fb1115 [] []
[2020-08-04 03:34:55] flutterwave/rave.NOTICE: Rave Class Initializes.... [] []
[2020-08-04 03:35:03] flutterwave/rave.NOTICE: Verifying transaction... [] []
[2020-08-04 03:37:01] flutterwave/rave.NOTICE: Generating Reference Number.... [] []
[2020-08-04 03:37:01] flutterwave/rave.NOTICE: Generated Reference Number....RV_5f28bbbd29fe8 [] []
[2020-08-04 03:37:01] flutterwave/rave.NOTICE: Rave Class Initializes.... [] []
[2020-08-04 03:37:08] flutterwave/rave.NOTICE: Verifying transaction... [] []
[2020-08-04 03:40:23] flutterwave/rave.NOTICE: Generating Reference Number.... [] []
[2020-08-04 03:40:23] flutterwave/rave.NOTICE: Generated Reference Number....RV_5f28bc8737cca [] []
[2020-08-04 03:40:23] flutterwave/rave.NOTICE: Rave Class Initializes.... [] []
[2020-08-04 03:40:30] flutterwave/rave.NOTICE: Verifying transaction... [] []
[2020-08-04 03:52:25] flutterwave/rave.NOTICE: Generating Reference Number.... [] []
[2020-08-04 03:52:25] flutterwave/rave.NOTICE: Generated Reference Number....RV_5f28bf599f829 [] []
[2020-08-04 03:52:25] flutterwave/rave.NOTICE: Rave Class Initializes.... [] []
[2020-08-04 03:52:29] flutterwave/rave.NOTICE: Payment requires otp validation... [] []
[2020-08-04 03:52:29] flutterwave/rave.NOTICE: Verifying transaction... [] []
[2020-08-04 04:34:33] flutterwave/rave.NOTICE: Generating Reference Number.... [] []
[2020-08-04 04:34:33] flutterwave/rave.NOTICE: Generated Reference Number....RV_5f28c9397561a [] []
[2020-08-04 04:34:33] flutterwave/rave.NOTICE: Rave Class Initializes.... [] []
[2020-08-04 04:34:40] flutterwave/rave.NOTICE: Payment requires otp validation... [] []
[2020-08-04 04:34:40] flutterwave/rave.NOTICE: Verifying transaction... [] []
[2020-08-04 04:35:08] flutterwave/rave.NOTICE: Generating Reference Number.... [] []
[2020-08-04 04:35:08] flutterwave/rave.NOTICE: Generated Reference Number....RV_5f28c95ca8835 [] []
[2020-08-04 04:35:08] flutterwave/rave.NOTICE: Rave Class Initializes.... [] []
[2020-08-04 04:36:09] flutterwave/rave.NOTICE: Generating Reference Number.... [] []
[2020-08-04 04:36:09] flutterwave/rave.NOTICE: Generated Reference Number....RV_5f28c999d2fa9 [] []
[2020-08-04 04:36:09] flutterwave/rave.NOTICE: Rave Class Initializes.... [] []
[2020-08-04 04:41:38] flutterwave/rave.NOTICE: Generating Reference Number.... [] []
[2020-08-04 04:41:38] flutterwave/rave.NOTICE: Generated Reference Number....RV_5f28cae2978d6 [] []
[2020-08-04 04:41:38] flutterwave/rave.NOTICE: Rave Class Initializes.... [] []
[2020-08-04 04:43:59] flutterwave/rave.NOTICE: Generating Reference Number.... [] []
[2020-08-04 04:43:59] flutterwave/rave.NOTICE: Generated Reference Number....RV_5f28cb6fedc27 [] []
[2020-08-04 04:43:59] flutterwave/rave.NOTICE: Rave Class Initializes.... [] []
[2020-08-04 04:51:02] flutterwave/rave.NOTICE: Generating Reference Number.... [] []
[2020-08-04 04:51:02] flutterwave/rave.NOTICE: Generated Reference Number....RV_5f28cd16cc4c7 [] []
[2020-08-04 04:51:02] flutterwave/rave.NOTICE: Rave Class Initializes.... [] []
[2020-08-04 04:51:58] flutterwave/rave.NOTICE: Generating Reference Number.... [] []
[2020-08-04 04:51:58] flutterwave/rave.NOTICE: Generated Reference Number....RV_5f28cd4e5fe24 [] []
[2020-08-04 04:51:58] flutterwave/rave.NOTICE: Rave Class Initializes.... [] []
[2020-08-04 04:54:35] flutterwave/rave.NOTICE: Generating Reference Number.... [] []
[2020-08-04 04:54:35] flutterwave/rave.NOTICE: Generated Reference Number....RV_5f28cdeb7b981 [] []
[2020-08-04 04:54:35] flutterwave/rave.NOTICE: Rave Class Initializes.... [] []
[2020-08-04 04:58:10] flutterwave/rave.NOTICE: Generating Reference Number.... [] []
[2020-08-04 04:58:10] flutterwave/rave.NOTICE: Generated Reference Number....RV_5f28cec2a8ea5 [] []
[2020-08-04 04:58:10] flutterwave/rave.NOTICE: Rave Class Initializes.... [] []
[2020-08-04 04:58:59] flutterwave/rave.NOTICE: Generating Reference Number.... [] []
[2020-08-04 04:58:59] flutterwave/rave.NOTICE: Generated Reference Number....RV_5f28cef3abfe1 [] []
[2020-08-04 04:58:59] flutterwave/rave.NOTICE: Rave Class Initializes.... [] []
[2020-08-04 04:59:02] flutterwave/rave.NOTICE: Verifying transaction... [] []
[2020-08-04 04:59:10] flutterwave/rave.NOTICE: Generating Reference Number.... [] []
[2020-08-04 04:59:10] flutterwave/rave.NOTICE: Generated Reference Number....RV_5f28cefe6f432 [] []
[2020-08-04 04:59:10] flutterwave/rave.NOTICE: Rave Class Initializes.... [] []
[2020-08-04 04:59:56] flutterwave/rave.NOTICE: Generating Reference Number.... [] []
[2020-08-04 04:59:56] flutterwave/rave.NOTICE: Generated Reference Number....RV_5f28cf2c92583 [] []
[2020-08-04 04:59:56] flutterwave/rave.NOTICE: Rave Class Initializes.... [] []
[2020-08-04 05:00:39] flutterwave/rave.NOTICE: Generating Reference Number.... [] []
[2020-08-04 05:00:39] flutterwave/rave.NOTICE: Generated Reference Number....RV_5f28cf572d15b [] []
[2020-08-04 05:00:39] flutterwave/rave.NOTICE: Rave Class Initializes.... [] []
[2020-08-04 05:02:33] flutterwave/rave.NOTICE: Generating Reference Number.... [] []
[2020-08-04 05:02:33] flutterwave/rave.NOTICE: Generated Reference Number....RV_5f28cfc9f1065 [] []
[2020-08-04 05:02:33] flutterwave/rave.NOTICE: Rave Class Initializes.... [] []
[2020-08-04 05:02:56] flutterwave/rave.NOTICE: Generating Reference Number.... [] []
[2020-08-04 05:02:56] flutterwave/rave.NOTICE: Generated Reference Number....RV_5f28cfe0a41a8 [] []
[2020-08-04 05:02:56] flutterwave/rave.NOTICE: Rave Class Initializes.... [] []
[2020-08-04 05:03:06] flutterwave/rave.NOTICE: Payment requires otp validation... [] []
[2020-08-04 05:03:06] flutterwave/rave.NOTICE: Verifying transaction... [] []
[2020-08-04 05:04:43] flutterwave/rave.NOTICE: Generating Reference Number.... [] []
[2020-08-04 05:04:43] flutterwave/rave.NOTICE: Generated Reference Number....RV_5f28d04bb96d7 [] []
[2020-08-04 05:04:43] flutterwave/rave.NOTICE: Rave Class Initializes.... [] []
