[2021-11-06T07:19:12.996208+00:00] flutterwave/rave.NOTICE: Generating Reference Number.... [] []
[2021-11-06T07:19:12.996899+00:00] flutterwave/rave.NOTICE: Generated Reference Number....RV_61862c70f360f [] []
[2021-11-06T07:19:12.996953+00:00] flutterwave/rave.NOTICE: Rave Class Initializes.... [] []
[2021-11-06T07:19:13.001623+00:00] flutterwave/rave.NOTICE: capturing funds for flwRef:  ... [] []
[2021-11-06T07:26:50.582341+00:00] flutterwave/rave.NOTICE: Generating Reference Number.... [] []
[2021-11-06T07:26:50.583302+00:00] flutterwave/rave.NOTICE: Generated Reference Number....RV_61862e3a8e661 [] []
[2021-11-06T07:26:50.583386+00:00] flutterwave/rave.NOTICE: Rave Class Initializes.... [] []
[2021-11-06T07:26:50.583436+00:00] flutterwave/rave.NOTICE: capturing funds for flw_ref: flw-34552-RE ... [] []
[2021-11-06T07:27:48.275139+00:00] flutterwave/rave.NOTICE: Generating Reference Number.... [] []
[2021-11-06T07:27:48.275495+00:00] flutterwave/rave.NOTICE: Generated Reference Number....RV_61862e7443415 [] []
[2021-11-06T07:27:48.275562+00:00] flutterwave/rave.NOTICE: Rave Class Initializes.... [] []
[2021-11-06T07:36:23.462729+00:00] flutterwave/rave.NOTICE: Generating Reference Number.... [] []
[2021-11-06T07:36:23.464138+00:00] flutterwave/rave.NOTICE: Generated Reference Number....RV_61863077714e7 [] []
[2021-11-06T07:36:23.464226+00:00] flutterwave/rave.NOTICE: Rave Class Initializes.... [] []
[2021-11-06T07:37:06.718781+00:00] flutterwave/rave.NOTICE: Generating Reference Number.... [] []
[2021-11-06T07:37:06.719350+00:00] flutterwave/rave.NOTICE: Generated Reference Number....RV_618630a2af9e1 [] []
[2021-11-06T07:37:06.719395+00:00] flutterwave/rave.NOTICE: Rave Class Initializes.... [] []
[2021-11-06T07:37:06.719487+00:00] flutterwave/rave.NOTICE: capturing funds for flw_ref: flw-34552-RE ... [] []
[2021-11-06T07:38:06.074399+00:00] flutterwave/rave.NOTICE: Generating Reference Number.... [] []
[2021-11-06T07:38:06.074711+00:00] flutterwave/rave.NOTICE: Generated Reference Number....RV_618630de123c5 [] []
[2021-11-06T07:38:06.074752+00:00] flutterwave/rave.NOTICE: Rave Class Initializes.... [] []
[2021-11-06T07:38:06.074796+00:00] flutterwave/rave.NOTICE: capturing funds for flw_ref: flw-34552-RE ... [] []
[2021-11-06T07:38:18.514931+00:00] flutterwave/rave.NOTICE: Generating Reference Number.... [] []
[2021-11-06T07:38:18.515508+00:00] flutterwave/rave.NOTICE: Generated Reference Number....RV_618630ea7dda3 [] []
[2021-11-06T07:38:18.515548+00:00] flutterwave/rave.NOTICE: Rave Class Initializes.... [] []
[2021-11-06T07:38:18.515594+00:00] flutterwave/rave.NOTICE: capturing funds for flw_ref: flw-34552-RE ... [] []
[2021-11-06T07:38:42.035366+00:00] flutterwave/rave.NOTICE: Generating Reference Number.... [] []
[2021-11-06T07:38:42.036409+00:00] flutterwave/rave.NOTICE: Generated Reference Number....RV_6186310208e26 [] []
[2021-11-06T07:38:42.036449+00:00] flutterwave/rave.NOTICE: Rave Class Initializes.... [] []
[2021-11-06T07:38:42.036493+00:00] flutterwave/rave.NOTICE: capturing funds for flw_ref: flw-34552-RE ... [] []
[2021-11-06T07:43:20.579015+00:00] flutterwave/rave.NOTICE: Generating Reference Number.... [] []
[2021-11-06T07:43:20.580079+00:00] flutterwave/rave.NOTICE: Generated Reference Number....RV_618632188d9d5 [] []
[2021-11-06T07:43:20.580151+00:00] flutterwave/rave.NOTICE: Rave Class Initializes.... [] []
[2021-11-06T07:43:20.581195+00:00] flutterwave/rave.NOTICE: voided a captured fund with the flw_ref= [] []
[2021-11-06T07:44:45.988155+00:00] flutterwave/rave.NOTICE: Generating Reference Number.... [] []
[2021-11-06T07:44:45.989460+00:00] flutterwave/rave.NOTICE: Generated Reference Number....RV_6186326df18e4 [] []
[2021-11-06T07:44:45.989561+00:00] flutterwave/rave.NOTICE: Rave Class Initializes.... [] []
[2021-11-06T07:44:45.989615+00:00] flutterwave/rave.NOTICE: voided a captured fund with the flw_ref=flw-34552-RE [] []
[2021-11-06T07:45:32.380447+00:00] flutterwave/rave.NOTICE: Generating Reference Number.... [] []
[2021-11-06T07:45:32.380738+00:00] flutterwave/rave.NOTICE: Generated Reference Number....RV_6186329c5cf32 [] []
[2021-11-06T07:45:32.380793+00:00] flutterwave/rave.NOTICE: Rave Class Initializes.... [] []
[2021-11-06T07:45:32.380834+00:00] flutterwave/rave.NOTICE: refunding a captured fund with the flw_ref=flw-34552-RE [] []
